[romz@localhost mysql-test]$ ./mysql-test-run.pl --do-suite=innodb --force
Logging: /home/romz/romz-projects/github/github-innodb-modularization/innodb-modularization/mysql-test/mysql-test-run.pl  --do-suite=innodb --force
MySQL Version 8.0.16
Checking supported features
Using suite(s): innodb,innodb_fts,innodb_gis,innodb_stress,innodb_undo,innodb_zip
Collecting tests
Checking leftover processes
Removing old var directory
Creating var directory '/home/romz/tmp/innodb/clang/mysql-test/var'
Installing system database
Using parallel: 1

==============================================================================
                  TEST NAME                       RESULT  TIME (ms) COMMENT
------------------------------------------------------------------------------
[  0%] innodb_stress.innodb_bigstress            [ skipped ]  Test needs 'big-test' or 'only-big-test' option.
[  0%] innodb_stress.innodb_bigstress_blob       [ skipped ]  Test needs 'big-test' or 'only-big-test' option.
[  0%] innodb_stress.innodb_bigstress_blob_nocompress  [ skipped ]  Test needs 'big-test' or 'only-big-test' option.
[  0%] innodb_stress.innodb_bigstress_crash      [ skipped ]  Test needs 'big-test' or 'only-big-test' option.
[  0%] innodb_stress.innodb_bigstress_crash_blob  [ skipped ]  Test needs 'big-test' or 'only-big-test' option.
[  0%] innodb_stress.innodb_bigstress_crash_blob_nocompress  [ skipped ]  Test needs 'big-test' or 'only-big-test' option.
[  1%] innodb_stress.innodb_bigstress_crash_nocompress  [ skipped ]  Test needs 'big-test' or 'only-big-test' option.
[  1%] innodb_stress.innodb_bigstress_nocompress  [ skipped ]  Test needs 'big-test' or 'only-big-test' option.
[  1%] innodb_stress.innodb_hugestress           [ skipped ]  Test needs 'big-test' or 'only-big-test' option.
[  1%] innodb_stress.innodb_hugestress_blob      [ skipped ]  Test needs 'big-test' or 'only-big-test' option.
[  1%] innodb_stress.innodb_hugestress_blob_nocompress  [ skipped ]  Test needs 'big-test' or 'only-big-test' option.
[  1%] innodb_stress.innodb_hugestress_crash     [ skipped ]  Test needs 'big-test' or 'only-big-test' option.
[  1%] innodb_stress.innodb_hugestress_crash_blob  [ skipped ]  Test needs 'big-test' or 'only-big-test' option.
[  2%] innodb_stress.innodb_hugestress_crash_blob_nocompress  [ skipped ]  Test needs 'big-test' or 'only-big-test' option.
[  2%] innodb_stress.innodb_hugestress_crash_nocompress  [ skipped ]  Test needs 'big-test' or 'only-big-test' option.
[  2%] innodb_stress.innodb_hugestress_nocompress  [ skipped ]  Test needs 'big-test' or 'only-big-test' option.
[  2%] innodb.alter_crash                        [ skipped ]  Test needs debug binaries.
[  2%] innodb.alter_rename_files                 [ skipped ]  Test needs debug binaries.
[  2%] innodb.analyze_table                      [ skipped ]  Test needs 'big-test' or 'only-big-test' option.
[  3%] innodb.atomic_rename_debug_database       [ skipped ]  Test needs debug binaries.
[  3%] innodb.atomic_truncate_crash              [ skipped ]  Test needs debug binaries.
[  3%] innodb.attachable_trx                     [ skipped ]  Test needs debug binaries.
[  3%] innodb.auto_increment                     [ skipped ]  Test needs debug binaries.
[  3%] innodb.autoinc_debug                      [ skipped ]  Test needs debug binaries.
[  3%] innodb.autoinc_persist_debug              [ skipped ]  Test needs debug binaries.
[  3%] innodb.blob-crash-16k                     [ skipped ]  Test needs debug binaries.
[  4%] innodb.blob-crash-4k                      [ skipped ]  Test needs debug binaries.
[  4%] innodb.blob-crash                         [ skipped ]  Test needs debug binaries.
[  4%] innodb.blob-update-debug                  [ skipped ]  Test needs debug binaries.
[  4%] innodb.blob_page_reserve                  [ skipped ]  Test needs debug binaries.
[  4%] innodb.blob_partial_update                [ skipped ]  Test needs debug binaries.
[  4%] innodb.buf_pool_resize_oom                [ skipped ]  Test needs debug binaries.
[  5%] innodb.cascade_lock_wait                  [ skipped ]  Test needs debug binaries.
[  5%] innodb.cmp_per_index                      [ skipped ]  Test needs debug binaries.
[  5%] innodb.create_table                       [ skipped ]  Test needs debug binaries.
[  5%] innodb.create_tablespace_debug            [ skipped ]  Test needs debug binaries.
[  5%] innodb.ddl_crash_alter_partition          [ skipped ]  Test needs 'big-test' or 'only-big-test' option.
[  5%] innodb.ddl_crash_alter_table              [ skipped ]  Test needs 'big-test' or 'only-big-test' option.
[  5%] innodb.ddl_crash_alter_table_partition    [ skipped ]  Test needs 'big-test' or 'only-big-test' option.
[  6%] innodb.ddl_crash_alter_table_tablespace   [ skipped ]  Test needs 'big-test' or 'only-big-test' option.
[  6%] innodb.ddl_crash_basic                    [ skipped ]  Test needs debug binaries.
[  6%] innodb.doublewrite                        [ skipped ]  Test needs debug binaries.
[  6%] innodb.end_range_check                    [ skipped ]  Test needs 'big-test' or 'only-big-test' option.
[  6%] innodb.end_range_check_2                  [ skipped ]  Test needs debug binaries.
[  6%] innodb.flush-hang                         [ skipped ]  Test needs debug binaries.
[  7%] innodb.fts_exec_interrupt                 [ skipped ]  Test needs 'big-test' or 'only-big-test' option.
[  7%] innodb.high_prio_trx_1                    [ skipped ]  Test needs debug binaries.
[  7%] innodb.high_prio_trx_2                    [ skipped ]  Test needs debug binaries.
[  7%] innodb.high_prio_trx_3                    [ skipped ]  Test needs debug binaries.
[  7%] innodb.high_prio_trx_4                    [ skipped ]  Test needs debug binaries.
[  7%] innodb.high_prio_trx_5                    [ skipped ]  Test needs debug binaries.
[  7%] innodb.high_prio_trx_6                    [ skipped ]  Test needs debug binaries.
[  8%] innodb.high_prio_trx_7                    [ skipped ]  Test needs debug binaries.
[  8%] innodb.high_prio_trx_commit_crash         [ skipped ]  Test needs debug binaries.
[  8%] innodb.high_prio_trx_debug                [ skipped ]  Test needs debug binaries.
[  8%] innodb.high_prio_trx_fk                   [ skipped ]  Test needs debug binaries.
[  8%] innodb.high_prio_trx_predicate            [ skipped ]  Test needs debug binaries.
[  8%] innodb.high_prio_trx_rpl                  [ skipped ]  Test needs debug binaries.
[  9%] innodb.ibuf_not_empty                     [ skipped ]  Test needs debug binaries.
[  9%] innodb.index-lock-mode                    [ skipped ]  Test needs debug binaries.
[  9%] innodb.index_merge_threshold              [ skipped ]  Test needs debug binaries.
[  9%] innodb.innodb-2byte-collation             [ skipped ]  Test needs debug binaries.
[  9%] innodb.innodb-alter-debug-wl6554          [ skipped ]  Test needs debug binaries.
[  9%] innodb.innodb-alter-debug                 [ skipped ]  Test needs debug binaries.
[  9%] innodb.innodb-change-buffer-recovery      [ skipped ]  Test needs debug binaries.
[ 10%] innodb.innodb-copy-alter-debug            [ skipped ]  Test needs debug binaries.
[ 10%] innodb.innodb-index-debug                 [ skipped ]  Test needs debug binaries.
[ 10%] innodb.innodb-index-online-fk             [ skipped ]  Test needs debug binaries.
[ 10%] innodb.innodb-lock-inherit-read_commited  [ skipped ]  Test needs debug binaries.
[ 10%] innodb.innodb-new-fk                      [ skipped ]  Test needs debug binaries.
[ 10%] innodb.innodb-replace-debug               [ skipped ]  Test needs debug binaries.
[ 11%] innodb.innodb-status-output               [ skipped ]  Test needs 'big-test' or 'only-big-test' option.
[ 11%] innodb.innodb-wl5522-debug                [ skipped ]  Test needs 'big-test' or 'only-big-test' option.
[ 11%] innodb.innodb-wl5980-debug                [ skipped ]  Test needs debug binaries.
[ 11%] innodb.innodb-wl6445-1                    [ skipped ]  Test needs 'big-test' or 'only-big-test' option.
[ 11%] innodb.innodb_buffer_pool_resize          [ skipped ]  Test needs 'big-test' or 'only-big-test' option.
[ 11%] innodb.innodb_buffer_pool_resize_debug    [ skipped ]  Test needs debug binaries.
[ 11%] innodb.innodb_buffer_pool_resize_with_chunks  [ skipped ]  Test needs 'big-test' or 'only-big-test' option.
[ 12%] innodb.innodb_buffer_pool_resize_with_instances  [ skipped ]  Test needs debug binaries.
[ 12%] innodb.innodb_bug11754376                 [ skipped ]  Test needs debug binaries.
[ 12%] innodb.innodb_bug11766634                 [ skipped ]  Test needs 'big-test' or 'only-big-test' option.
[ 12%] innodb.innodb_bug12400341                 [ skipped ]  Test needs debug binaries.
[ 12%] innodb.innodb_bug14007109                 [ skipped ]  Test needs debug binaries.
[ 12%] innodb.innodb_bug14007649                 [ skipped ]  Test needs debug binaries.
[ 13%] innodb.innodb_bug14147491                 [ skipped ]  Test needs debug binaries.
[ 13%] innodb.innodb_bug14704286                 [ skipped ]  Test needs 'big-test' or 'only-big-test' option.
[ 13%] innodb.innodb_bug19164038                 [ skipped ]  Test needs debug binaries.
[ 13%] innodb.innodb_bug30423                    [ skipped ]  Test needs 'big-test' or 'only-big-test' option.
[ 13%] innodb.innodb_bug52663                    [ skipped ]  Test needs 'big-test' or 'only-big-test' option.
[ 13%] innodb.innodb_bug53290                    [ skipped ]  Test needs 'big-test' or 'only-big-test' option.
[ 13%] innodb.innodb_bug53756                    [ skipped ]  Test needs debug binaries.
[ 14%] innodb.innodb_bug56143                    [ skipped ]  Test needs 'big-test' or 'only-big-test' option.
[ 14%] innodb.innodb_bug56947                    [ skipped ]  Test needs debug binaries.
[ 14%] innodb.innodb_bulk_create_index           [ skipped ]  Test needs 'big-test' or 'only-big-test' option.
[ 14%] innodb.innodb_bulk_create_index_debug     [ skipped ]  Test needs 'big-test' or 'only-big-test' option.
[ 14%] innodb.innodb_bulk_create_index_flush     [ skipped ]  Test needs debug binaries.
[ 14%] innodb.innodb_bulk_inject_errors          [ skipped ]  Test needs debug binaries.
[ 15%] innodb.innodb_collation_test              [ skipped ]  Test needs debug binaries.
[ 15%] innodb.innodb_corrupt_bit                 [ skipped ]  Test needs debug binaries.
[ 15%] innodb.innodb_corrupt_readonly            [ skipped ]  Test needs debug binaries.
[ 15%] innodb.innodb_deadlock_with_autoinc       [ skipped ]  Test needs debug binaries.
[ 15%] innodb.innodb_file_limit_check            [ skipped ]  Test needs 'big-test' or 'only-big-test' option.
[ 15%] innodb.innodb_fts_limit_check             [ skipped ]  Test needs debug binaries.
[ 15%] innodb.innodb_mysql                       [ skipped ]  Test needs 'big-test' or 'only-big-test' option.
[ 16%] innodb.innodb_redo_debug_1                [ skipped ]  Test needs debug binaries.
[ 16%] innodb.innodb_redo_debug_2                [ skipped ]  Test needs debug binaries.
[ 16%] innodb.innodb_redo_debug_3                [ skipped ]  Test needs debug binaries.
[ 16%] innodb.innodb_redo_debug_4                [ skipped ]  Test needs debug binaries.
[ 16%] innodb.innodb_redo_debug_5                [ skipped ]  Test needs debug binaries.
[ 16%] innodb.innodb_redo_debug_6                [ skipped ]  Test needs debug binaries.
[ 16%] innodb.innodb_rename_index_err            [ skipped ]  Test needs debug binaries.
[ 17%] innodb.innodb_stats_del_mark              [ skipped ]  Test needs 'big-test' or 'only-big-test' option.
[ 17%] innodb.innodb_thread_concurrency_debug    [ skipped ]  Test needs debug binaries.
[ 17%] innodb.innodb_upd_stats_if_needed_not_inited  [ skipped ]  Test needs debug binaries.
[ 17%] innodb.innodb_ut_format_name              [ skipped ]  Test needs debug binaries.
[ 17%] innodb.innodb_wl6326                      [ skipped ]  Test needs debug binaries.
[ 17%] innodb.innodb_wl6326_big                  [ skipped ]  Test needs 'big-test' or 'only-big-test' option.
[ 18%] innodb.innodb_wl6469_debug                [ skipped ]  Test needs debug binaries.
[ 18%] innodb.innodb_wl6470_debug                [ skipped ]  Test needs debug binaries.
[ 18%] innodb.innodb_wl6560_debug                [ skipped ]  Test needs debug binaries.
[ 18%] innodb.innodb_wl6915_debug                [ skipped ]  Test needs debug binaries.
[ 18%] innodb.insert_debug                       [ skipped ]  Test needs debug binaries.
[ 18%] innodb.instant_add_column_debug           [ skipped ]  Test needs debug binaries.
[ 18%] innodb.instant_add_column_recovery        [ skipped ]  Test needs debug binaries.
[ 19%] innodb.iodku_debug                        [ skipped ]  Test needs debug binaries.
[ 19%] innodb.json-read-uncommitted              [ skipped ]  Test needs debug binaries.
[ 19%] innodb.json_small_partial_update_04       [ skipped ]  Test needs debug binaries.
[ 19%] innodb.json_small_partial_update_05       [ skipped ]  Test needs debug binaries.
[ 19%] innodb.json_small_partial_update_06       [ skipped ]  Test needs debug binaries.
[ 19%] innodb.lob-being-modified-bit             [ skipped ]  Test needs debug binaries.
[ 20%] innodb.lob-format                         [ skipped ]  Test needs debug binaries.
[ 20%] innodb.lob-read-uncommitted               [ skipped ]  Test needs debug binaries.
[ 20%] innodb.lob-single-zstream                 [ skipped ]  Test needs debug binaries.
[ 20%] innodb.lob_double_purge                   [ skipped ]  Test needs debug binaries.
[ 20%] innodb.lob_insert_noindex                 [ skipped ]  Test needs debug binaries.
[ 20%] innodb.lob_long_partial_update            [ skipped ]  Test needs debug binaries.
[ 20%] innodb.lob_no_space                       [ skipped ]  Test needs debug binaries.
[ 21%] innodb.lob_partial_update                 [ skipped ]  Test needs debug binaries.
[ 21%] innodb.lob_partial_update_concurrent      [ skipped ]  Test needs debug binaries.
[ 21%] innodb.lob_print                          [ skipped ]  Test needs debug binaries.
[ 21%] innodb.lob_purge                          [ skipped ]  Test needs debug binaries.
[ 21%] innodb.lob_rollback_crash                 [ skipped ]  Test needs debug binaries.
[ 21%] innodb.log_alter_table                    [ skipped ]  Test needs debug binaries.
[ 22%] innodb.log_ddl_must_flush                 [ skipped ]  Test needs debug binaries.
[ 22%] innodb.log_file_name_1                    [ skipped ]  Test needs debug binaries.
[ 22%] innodb.log_file_name_discover             [ skipped ]  Test needs debug binaries.
[ 22%] innodb.log_file_size                      [ skipped ]  Test needs debug binaries.
[ 22%] innodb.log_flush_order                    [ skipped ]  Test needs debug binaries.
[ 22%] innodb.monitor_restart                    [ skipped ]  Test needs debug binaries.
[ 22%] innodb.mvcc_cache                         [ skipped ]  Test needs debug binaries.
[ 23%] innodb.mysql_ts_alter_encrypt_1           [ skipped ]  Test needs 'big-test' or 'only-big-test' option.
[ 23%] innodb.mysql_ts_alter_encrypt_2           [ skipped ]  Test needs 'big-test' or 'only-big-test' option.
[ 23%] innodb.open_file_lru                      [ skipped ]  Test needs 'big-test' or 'only-big-test' option.
[ 23%] innodb.page_reorganize                    [ skipped ]  Test needs debug binaries.
[ 23%] innodb.partition_debug                    [ skipped ]  Test needs debug binaries.
[ 23%] innodb.records_in_range                   [ skipped ]  Test needs debug binaries.
[ 24%] innodb.row_format_redundant               [ skipped ]  Test needs debug binaries.
[ 24%] innodb.sdi_debug                          [ skipped ]  Test needs debug binaries.
[ 24%] innodb.sdi_delete_marked                  [ skipped ]  Test needs debug binaries.
[ 24%] innodb.sdi_fail                           [ skipped ]  Test needs debug binaries.
[ 24%] innodb.session_temp_tablespaces           [ skipped ]  Test needs debug binaries.
[ 24%] innodb.skip_locked_nowait                 [ skipped ]  Test needs debug binaries.
[ 24%] innodb.sp_temp_table                      [ skipped ]  Test needs 'big-test' or 'only-big-test' option.
[ 25%] innodb.strict_checksum                    [ skipped ]  Test needs debug binaries.
[ 25%] innodb.table_compress                     [ skipped ]  Test needs debug binaries.
[ 25%] innodb.table_encrypt_1                    [ skipped ]  Test needs debug binaries.
[ 25%] innodb.table_encrypt_4                    [ skipped ]  Test needs debug binaries.
[ 25%] innodb.table_encrypt_debug                [ skipped ]  Test needs debug binaries.
[ 25%] innodb.table_encrypt_kill                 [ skipped ]  Test needs 'big-test' or 'only-big-test' option.
[ 26%] innodb.table_encrypt_portable_32          [ skipped ]  Test needs debug binaries.
[ 26%] innodb.table_encrypt_portable_64          [ skipped ]  Test needs debug binaries.
[ 26%] innodb.tablespace_encrypt_2               [ skipped ]  Test needs 'big-test' or 'only-big-test' option.
[ 26%] innodb.tablespace_encrypt_3               [ skipped ]  Test needs debug binaries.
[ 26%] innodb.tablespace_encrypt_5               [ skipped ]  Test needs 'big-test' or 'only-big-test' option.
[ 26%] innodb.tablespace_encrypt_7               [ skipped ]  Test needs 'big-test' or 'only-big-test' option.
[ 26%] innodb.tablespace_encrypt_8               [ skipped ]  Test needs debug binaries.
[ 27%] innodb.tablespace_encrypt_9               [ skipped ]  Test needs 'big-test' or 'only-big-test' option.
[ 27%] innodb.tablespace_rename                  [ skipped ]  Test needs debug binaries.
[ 27%] innodb.temptable_write_row                [ skipped ]  Test needs debug binaries.
[ 27%] innodb.tinytext-groupby                   [ skipped ]  Test needs 'big-test' or 'only-big-test' option.
[ 27%] innodb.too_many_concurrent_trxs           [ skipped ]  Test needs debug binaries.
[ 27%] innodb.truncate_debug                     [ skipped ]  Test needs debug binaries.
[ 28%] innodb.undo_encrypt_bootstrap             [ skipped ]  Test needs 'big-test' or 'only-big-test' option.
[ 28%] innodb.upgrade_compressed_recv            [ skipped ]  Test needs debug binaries.
[ 28%] innodb.virtual_debug                      [ skipped ]  Test needs debug binaries.
[ 28%] innodb.virtual_debug_purge                [ skipped ]  Test needs debug binaries.
[ 28%] innodb.xa_prepare_lock_release            [ skipped ]  Test needs debug binaries.
[ 28%] innodb.xa_recovery_debug                  [ skipped ]  Test needs debug binaries.
[ 28%] innodb.xdes_fseg_frag                     [ skipped ]  Test needs debug binaries.
[ 29%] innodb.zlob_long_partial_update           [ skipped ]  Test needs debug binaries.
[ 29%] innodb.zlob_no_space                      [ skipped ]  Test needs debug binaries.
[ 29%] innodb.zlob_partial_update_concurrent     [ skipped ]  Test needs debug binaries.
[ 29%] innodb.zlob_print                         [ skipped ]  Test needs debug binaries.
[ 29%] innodb.zlob_purge                         [ skipped ]  Test needs debug binaries.
[ 29%] innodb.zlob_rollback_crash                [ skipped ]  Test needs debug binaries.
[ 30%] innodb.zlob_rollback_crash_2              [ skipped ]  Test needs debug binaries.
[ 30%] innodb_fts.fulltext_table_evict           [ skipped ]  Test needs debug binaries.
[ 30%] innodb_fts.index_table                    [ skipped ]  Test needs debug binaries.
[ 30%] innodb_fts.innobase_drop_fts_index_table  [ skipped ]  Test needs debug binaries.
[ 30%] innodb_fts.limit_union                    [ skipped ]  Test needs debug binaries.
[ 30%] innodb_fts.misc_debug                     [ skipped ]  Test needs debug binaries.
[ 30%] innodb_fts.ngram_debug                    [ skipped ]  Test needs debug binaries.
[ 31%] innodb_fts.plugin_debug                   [ skipped ]  Test needs debug binaries.
[ 31%] innodb_fts.result_cache_limit             [ skipped ]  Test needs debug binaries.
[ 31%] innodb_fts.sync_block                     [ skipped ]  Test needs debug binaries.
[ 31%] innodb_fts.tablespace_location_error      [ skipped ]  Test needs debug binaries.
[ 31%] innodb_gis.bug16266012                    [ skipped ]  Test needs debug binaries.
[ 31%] innodb_gis.check_rtree                    [ skipped ]  Test needs debug binaries.
[ 32%] innodb_gis.geometry                       [ skipped ]  Test needs debug binaries.
[ 32%] innodb_gis.gis_split_inf                  [ skipped ]  Test needs debug binaries.
[ 32%] innodb_gis.gis_split_nan                  [ skipped ]  Test needs debug binaries.
[ 32%] innodb_gis.kill_server                    [ skipped ]  Test needs 'big-test' or 'only-big-test' option.
[ 32%] innodb_gis.multi_pk                       [ skipped ]  Test needs 'big-test' or 'only-big-test' option.
[ 32%] innodb_gis.point_big                      [ skipped ]  Test needs 'big-test' or 'only-big-test' option.
[ 32%] innodb_gis.rollback                       [ skipped ]  Test needs debug binaries.
[ 33%] innodb_gis.rtree_compress                 [ skipped ]  Test needs 'big-test' or 'only-big-test' option.
[ 33%] innodb_gis.rtree_compress2                [ skipped ]  Test needs 'big-test' or 'only-big-test' option.
[ 33%] innodb_gis.rtree_concurrent_srch          [ skipped ]  Test needs 'big-test' or 'only-big-test' option.
[ 33%] innodb_gis.rtree_concurrent_srch_2        [ skipped ]  Test needs debug binaries.
[ 33%] innodb_gis.rtree_create_inplace           [ skipped ]  Test needs debug binaries.
[ 33%] innodb_gis.rtree_debug                    [ skipped ]  Test needs 'big-test' or 'only-big-test' option.
[ 33%] innodb_gis.rtree_drop_index               [ skipped ]  Test needs debug binaries.
[ 34%] innodb_gis.rtree_estimate                 [ skipped ]  Test needs debug binaries.
[ 34%] innodb_gis.rtree_purge                    [ skipped ]  Test needs 'big-test' or 'only-big-test' option.
[ 34%] innodb_gis.rtree_rollback1                [ skipped ]  Test needs 'big-test' or 'only-big-test' option.
[ 34%] innodb_gis.rtree_rollback2                [ skipped ]  Test needs 'big-test' or 'only-big-test' option.
[ 34%] innodb_gis.rtree_split                    [ skipped ]  Test needs 'big-test' or 'only-big-test' option.
[ 34%] innodb_gis.rtree_split_geographic         [ skipped ]  Test needs 'big-test' or 'only-big-test' option.
[ 35%] innodb_gis.types                          [ skipped ]  Test needs debug binaries.
[ 35%] innodb_gis.update_root                    [ skipped ]  Test needs 'big-test' or 'only-big-test' option.
[ 35%] innodb_undo.trunc_multi_client_01         [ skipped ]  Test needs 'big-test' or 'only-big-test' option.
[ 35%] innodb_undo.trunc_multi_client_02         [ skipped ]  Test needs 'big-test' or 'only-big-test' option.
[ 35%] innodb_undo.truncate                      [ skipped ]  Test needs 'big-test' or 'only-big-test' option.
[ 35%] innodb_undo.truncate_explicit             [ skipped ]  Test needs 'big-test' or 'only-big-test' option.
[ 35%] innodb_undo.truncate_recover_01           [ skipped ]  Test needs debug binaries.
[ 36%] innodb_undo.truncate_recover_02           [ skipped ]  Test needs debug binaries.
[ 36%] innodb_undo.truncate_recover_03           [ skipped ]  Test needs debug binaries.
[ 36%] innodb_undo.truncate_recover_04           [ skipped ]  Test needs debug binaries.
[ 36%] innodb_undo.truncate_recover_05           [ skipped ]  Test needs debug binaries.
[ 36%] innodb_undo.truncate_recover_06           [ skipped ]  Test needs debug binaries.
[ 36%] innodb_undo.truncate_recover_07           [ skipped ]  Test needs debug binaries.
[ 37%] innodb_undo.truncate_recover_08           [ skipped ]  Test needs debug binaries.
[ 37%] innodb_undo.truncate_recover_09           [ skipped ]  Test needs debug binaries.
[ 37%] innodb_undo.undo_ddl_recover              [ skipped ]  Test needs debug binaries.
[ 37%] innodb_undo.undo_tablespace_125           [ skipped ]  Test needs 'big-test' or 'only-big-test' option.
[ 37%] innodb_undo.undo_tablespace_debug         [ skipped ]  Test needs debug binaries.
[ 37%] innodb_zip.16k                            [ skipped ]  Test needs 'big-test' or 'only-big-test' option.
[ 37%] innodb_zip.innochecksum_2                 [ skipped ]  Test needs 'big-test' or 'only-big-test' option.
[ 38%] innodb_zip.innochecksum_3                 [ skipped ]  Test needs 'big-test' or 'only-big-test' option.
[ 38%] innodb_zip.large_blob                     [ skipped ]  Test needs 'big-test' or 'only-big-test' option.
[ 38%] innodb_zip.wl5522_debug_zip               [ skipped ]  Test needs debug binaries.
[ 38%] innodb_zip.wl6347_comp_indx_stat          [ skipped ]  Test needs 'big-test' or 'only-big-test' option.
[ 38%] innodb_zip.wl6501_scale_1                 [ skipped ]  Test needs 'big-test' or 'only-big-test' option.
[ 38%] innodb_zip.wl6915_1                       [ skipped ]  Test needs 'big-test' or 'only-big-test' option.
[ 39%] innodb.alter_tablespace_partition         [ disabled ]   WL#12034 Enable again once shared tablespaces are allowed in partitioned table.
[ 39%] innodb.create_tablespace_partition        [ disabled ]   WL#12034 Enable again once shared tablespaces are allowed in partitioned table.
[ 39%] innodb.ddl_crash_alter_table_partition_tablespace  [ disabled ]   WL#12034 Enable again once shared tablespaces are allowed in partitioned table.
[ 39%] innodb.innodb_bug14676111                 [ disabled ]   BUG#18200831 The test has never worked correctly
[ 39%] innodb.portability_tablespace_linux       [ disabled ]   BUG#28352630 The maintainability of the zip files required by this test is not acceptable.
[ 39%] innodb.portability_tablespace_windows     [ disabled ]   BUG#28352645 The maintainability of the zip files required by this test is not acceptable.
[ 39%] innodb.subpartition                       [ disabled ]   WL#12034 Enable again once shared tablespaces are allowed in partitioned table.
[ 40%] innodb.truncate                           [ disabled ]   WL#12034 Enable again once shared tablespaces are allowed in partitioned table.
[ 40%] innodb.check_sector_size                  [ pass ]   7142
[ 40%] innodb.table_encrypt_2                    [ pass ]  27310
[ 40%] innodb.log_encrypt_2                      [ pass ]  25120
[ 40%] innodb.table_encrypt_5                    [ pass ]  63220
[ 40%] innodb.tablespace_encrypt_6               [ pass ]  58808
[ 41%] innodb_fts.mecab_sjis                     [ skipped ]  mecab requires the environment variable $MECAB to be set (normally done by mtr)
[ 41%] innodb_fts.mecab_ujis                     [ skipped ]  mecab requires the environment variable $MECAB to be set (normally done by mtr)
[ 41%] innodb_fts.mecab_utf8                     [ skipped ]  mecab requires the environment variable $MECAB to be set (normally done by mtr)
[ 41%] innodb_fts.ngram                          [ pass ]  57524
[ 41%] innodb_fts.ngram_2                        [ pass ]  24252
[ 41%] innodb_fts.plugin                         [ pass ]  17579
[ 41%] innodb_fts.plugin_1                       [ pass ]  40914
[ 42%] innodb.optimizer_temporary_table          [ pass ]  20317
[ 42%] innodb.innodb_bug53674                    [ pass ]   2850
[ 42%] innodb.innodb                             [ pass ]  79406
[ 42%] innodb.innodb_misc1                       [ pass ]  47082
[ 42%] innodb.innodb_ctype_ldml                  [ pass ]  11444
[ 42%] innodb.mysqld_core_dump_without_buffer_pool_with_resizing  [ skipped ]  Core pattern is not 'core', uses pid is disabled or /proc/sys/kernel/core_{pattern,uses_pid} not readable
[ 43%] innodb.mysqld_core_dump_without_buffer_pool_dynamic  [ skipped ]  Core pattern is not 'core', uses pid is disabled or /proc/sys/kernel/core_{pattern,uses_pid} not readable
[ 43%] innodb.mysqld_core_dump_without_buffer_pool  [ skipped ]  Core pattern is not 'core', uses pid is disabled or /proc/sys/kernel/core_{pattern,uses_pid} not readable
[ 43%] innodb.innodb-autoinc-44030               [ pass ]   8608
[ 43%] innodb.innodb-autoinc                     [ pass ]  40334
[ 43%] innodb_zip.cmp_drop_table                 [ pass ]  30037
[ 43%] innodb.innodb_i_s_multi_file_tablespace   [ pass ]      9
[ 43%] innodb.innodb_64k                         [ fail ]
        Test ended at 2019-06-29 21:13:42


MTR's internal check of the test case 'innodb.innodb_64k' failed.
This means that the test case does not preserve the state that existed
before the test case was executed.  Most likely the test case did not
do a proper clean-up. It could also be caused by the previous test run
by this thread, if the server wasn't restarted.
This is the diff of the states of the servers before and after the
test case was executed:
mysqltest: Results saved in '/home/romz/tmp/innodb/clang/mysql-test/var/tmp/check-mysqld_1.result'.
mysqltest: Logging to '/home/romz/tmp/innodb/clang/mysql-test/var/tmp/check-mysqld_1.log'.
mysqltest: Connecting to server localhost:13000 (socket /home/romz/tmp/innodb/clang/mysql-test/var/tmp/mysqld.1.sock) as 'root', connection 'default', attempt 0 ...
mysqltest: ... Connected.
mysqltest: Start processing test commands from './include/check-testcase.test' ...
mysqltest: ... Done processing test commands.
--- /home/romz/tmp/innodb/clang/mysql-test/var/tmp/check-mysqld_1.result	2019-06-29 22:13:29.384495380 +0300
+++ /home/romz/tmp/innodb/clang/mysql-test/var/tmp/check-mysqld_1.reject	2019-06-29 22:13:42.261643864 +0300
@@ -516,7 +516,7 @@
 innodb_stats_persistent	ON
 innodb_stats_persistent_sample_pages	20
 innodb_stats_transient_sample_pages	8
-innodb_status_output	OFF
+innodb_status_output	ON
 innodb_status_output_locks	OFF
 innodb_strict_mode	ON
 innodb_sync_array_size	1

mysqltest: Result content mismatch

not ok
safe_process[19420]: Child process: 19421, exit: 1


 - the logfile can be found in '/home/romz/tmp/innodb/clang/mysql-test/var/log/innodb.innodb_64k/innodb_64k.log'

Retrying test innodb.innodb_64k, attempt(2/3).

[ 43%] innodb.innodb_64k                         [ retry-pass ]  10829
Retrying test innodb.innodb_64k, attempt(3/3).

[ 43%] innodb.innodb_64k                         [ retry-pass ]   8108
[ 44%] innodb_undo.i_s_files_16k                 [ pass ]  192464
[ 44%] innodb.instant_add_column_long            [ pass ]   1295
[ 44%] innodb.autoinc_persist_deadlock           [ skipped ]  Test requires 'have_debug_sync'
[ 44%] innodb.check_ibd_filesize_16k             [ pass ]   9431
[ 44%] innodb.crc32_endianness                   [ pass ]   1052
[ 44%] innodb.create_tablespace_16k              [ pass ]  26539
[ 45%] innodb.default_row_format_16k             [ pass ]  28769
[ 45%] innodb.default_row_format_compatibility   [ pass ]   5611
[ 45%] innodb.file_format_upgrade_16k            [ pass ]   9224
[ 45%] innodb.ibd2sdi                            [ pass ]   5841
[ 45%] innodb.import_5_7                         [ pass ]   5523
[ 45%] innodb.index_tree_operation               [ pass ]    851
[ 45%] innodb.innodb-blob                        [ skipped ]  Test requires 'have_debug_sync'
[ 46%] innodb.innodb_buffer_pool_dump_pct        [ pass ]   2547
[ 46%] innodb.innodb_prefix_index_restart_server  [ pass ]  21018
[ 46%] innodb.innodb_stats_auto_recalc           [ pass ]  10645
[ 46%] innodb.innodb_stats_fetch                 [ pass ]    753
[ 46%] innodb.innodb_stats_sample_pages          [ pass ]   2303
[ 46%] innodb.log_corruption                     [ pass ]  58942
[ 47%] innodb.log_corruption_1                   [ pass ]   1252
[ 47%] innodb.partition-16k                      [ pass ]  10670
[ 47%] innodb.tablespace_encrypt_1               [ pass ]  55232
[ 47%] innodb.tablespace_portability             [ pass ]   9196
[ 47%] innodb.tablespace_portability_windows     [ skipped ]  Need windows
[ 47%] innodb_gis.create_spatial_index           [ pass ]   3861
[ 47%] innodb_zip.bug36172                       [ pass ]   1649
[ 48%] innodb_zip.cmp_per_index                  [ pass ]   5894
[ 48%] innodb_zip.index_large_prefix             [ pass ]  10777
[ 48%] innodb_zip.prefix_index_liftedlimit       [ pass ]  42461
[ 48%] innodb_zip.wl5522_zip                     [ pass ]  23201
[ 48%] innodb_undo.i_s_files_32k                 [ pass ]  141867
[ 48%] innodb.create_tablespace_32k              [ pass ]  10699
[ 49%] innodb.innodb_32k                         [ pass ]   2903
[ 49%] innodb_undo.i_s_files_4k                  [ pass ]  126588
[ 49%] innodb.create_tablespace_4k               [ pass ]  20350
[ 49%] innodb.import_export_4k                   [ pass ]   9174
[ 49%] innodb_zip.4k                             [ pass ]  13386
[ 49%] innodb_zip.index_large_prefix_4k          [ pass ]   7869
[ 49%] innodb_undo.i_s_files_64k                 [ pass ]  137274
[ 50%] innodb.create_tablespace_64k              [ pass ]  13409
[ 50%] innodb_undo.i_s_files_8k                  [ pass ]  126225
[ 50%] innodb.create_tablespace_8k               [ pass ]  23948
[ 50%] innodb_zip.8k                             [ pass ]  12061
[ 50%] innodb_zip.index_large_prefix_8k          [ pass ]   7945
[ 50%] innodb_undo.undo_settings                 [ pass ]  57198
[ 50%] innodb.innodb_bug60196                    [ skipped ]  Test requires 'lower_case_table_names = 2'
[ 51%] innodb.cats-autoinc                       [ skipped ]  Test requires 'have_debug_sync'
[ 51%] innodb.innodb_autoinc_lock_mode_zero      [ pass ]   1099
[ 51%] innodb.pct_cached_evict                   [ pass ]  12886
[ 51%] innodb.update_time                        [ pass ]  13321
[ 51%] innodb.innodb-index-online                [ skipped ]  Test requires 'have_debug_sync'
[ 51%] innodb.innodb_buffer_pool_load_now        [ pass ]  17839
[ 52%] innodb.innodb_buffer_pool_load            [ pass ]  62584
[ 52%] innodb.innodb-table-online                [ skipped ]  Test requires 'have_debug_sync'
[ 52%] innodb.events-merge-tmp-path              [ pass ]   4209
[ 52%] innodb.alter_kill                         [ pass ]  30358
[ 52%] innodb.innodb_bug39438                    [ pass ]   2016
[ 52%] innodb.blob_redo                          [ pass ]  10024
[ 52%] innodb.innodb-index                       [ pass ]  151462
[ 53%] innodb.innodb_stats_flag_global_off       [ pass ]  13828
[ 53%] innodb.innodb_stats_flag_global_on        [ pass ]  16462
[ 53%] innodb.innodb-autoinc-56228               [ pass ]    217
[ 53%] innodb.innodb_bug30919                    [ pass ]  41228
[ 53%] innodb.innochecksum_1                     [ pass ]  31375
[ 53%] innodb.innodb_bug42101-nonzero            [ pass ]    414
[ 54%] innodb.innodb_mysql_rbk                   [ pass ]   4663
[ 54%] innodb.innodb_lock_wait_timeout_1         [ pass ]  22406
[ 54%] innodb.innodb_timeout_rollback            [ pass ]  12095
[ 54%] innodb.innodb-consistent                  [ pass ]   3285
[ 54%] innodb.innodb-semi-consistent             [ pass ]  12479
[ 54%] innodb.log_encrypt_3                      [ pass ]  50816
[ 54%] innodb.log_file_size_1                    [ pass ]  37062
[ 55%] innodb.alter_table_stage_progress         [ pass ]   3394
[ 55%] innodb.innodb-read-view                   [ skipped ]  Test requires 'have_debug_sync'
[ 55%] innodb_fts.sync                           [ skipped ]  Test requires 'have_debug_sync'
[ 55%] innodb.innodb_replace                     [ skipped ]  Test requires 'have_debug_sync'
[ 55%] innodb.add_foreign_key                    [ pass ]   4286
[ 55%] innodb.alter_foreign_crash                [ skipped ]  Test requires 'have_debug_sync'
[ 56%] innodb.alter_missing_tablespace           [ pass ]  36383
[ 56%] innodb.alter_page_size                    [ pass ]   1321
[ 56%] innodb.alter_rename_existing              [ pass ]   4286
[ 56%] innodb.alter_rename_existing_xtra         [ pass ]   3302
[ 56%] innodb.alter_table_redundant              [ pass ]   6497
[ 56%] innodb.autoinc_persist                    [ pass ]  67452
[ 56%] innodb.blob_update_rollback               [ pass ]   1065
[ 57%] innodb.bootstrap                          [ pass ]  97840
[ 57%] innodb.buffer_pool_overflow_check         [ skipped ]  Need a 32 binary
[ 57%] innodb.bulk_create_index_online           [ skipped ]  Test requires 'have_debug_sync'
[ 57%] innodb.checksum                           [ pass ]   6037
[ 57%] innodb.create-index                       [ pass ]    940
[ 57%] innodb.create_tablespace                  [ pass ]  56049
[ 58%] innodb.deadlock_detect                    [ pass ]   3993
[ 58%] innodb.default_row_format                 [ pass ]   7110
[ 58%] innodb.default_row_format_tablespace      [ pass ]   5185
[ 58%] innodb.dropdb                             [ pass ]    490
[ 58%] innodb.foreign_key                        [ pass ]  21689
[ 58%] innodb.help_verbose                       [ pass ]  28779
[ 58%] innodb.i_s_files_debug                    [ skipped ]  Test requires 'have_debug_sync'
[ 59%] innodb.implicit_to_explicit_conversion    [ skipped ]  Test requires 'have_debug_sync'
[ 59%] innodb.import                             [ pass ]   2989
[ 59%] innodb.import_update_stats                [ pass ]   3313
[ 59%] innodb.index-online-norebuild             [ pass ]   1856
[ 59%] innodb.innochecksum_linux                 [ pass ]  16044
[ 59%] innodb.innodb-ac-non-locking-select       [ skipped ]  Test requires 'have_debug_sync'
[ 60%] innodb.innodb-alter-autoinc               [ pass ]   3849
[ 60%] innodb.innodb-alter-nullable              [ pass ]   2666
[ 60%] innodb.innodb-alter-wl6554                [ pass ]   3525
[ 60%] innodb.innodb-alter                       [ pass ]  34919
[ 60%] innodb.innodb-analyze                     [ pass ]    452
[ 60%] innodb.innodb-autoinc-18274               [ pass ]   1080
[ 60%] innodb.innodb-autoinc-optimize            [ pass ]    998
[ 61%] innodb.innodb-bug-14068765                [ pass ]   2793
[ 61%] innodb.innodb-bug-14084530                [ pass ]   1477
[ 61%] innodb.innodb-bug12552164                 [ pass ]    430
[ 61%] innodb.innodb-bug14219515                 [ pass ]    812
[ 61%] innodb.innodb-import-partition            [ pass ]  80621
[ 61%] innodb.innodb-index-online-delete         [ skipped ]  Test requires 'have_debug_sync'
[ 62%] innodb.innodb-index-online-purge          [ skipped ]  Test requires 'have_debug_sync'
[ 62%] innodb.innodb-index_ucs2                  [ pass ]   1431
[ 62%] innodb.innodb-large-prefix                [ pass ]    349
[ 62%] innodb.innodb-lock                        [ pass ]   4337
[ 62%] innodb.innodb-timeout                     [ pass ]   5028
[ 62%] innodb.innodb-truncate                    [ pass ]   6239
[ 62%] innodb.innodb-ucs2                        [ pass ]   8570
[ 63%] innodb.innodb-update-insert               [ pass ]    733
[ 63%] innodb.innodb-wl5522-1                    [ pass ]  26067
[ 63%] innodb.innodb-wl5522                      [ pass ]  34488
[ 63%] innodb.innodb-wl5980-alter                [ pass ]  12891
[ 63%] innodb.innodb-wl5980-discard              [ pass ]  36402
[ 63%] innodb.innodb-wl6445-2                    [ pass ]  20020
[ 64%] innodb.innodb-wl6445                      [ pass ]  10046
[ 64%] innodb.innodb-wl6742                      [ pass ]   8943
[ 64%] innodb.innodb_bug-13628249                [ pass ]  21829
[ 64%] innodb.innodb_bug11789106                 [ pass ]    171
[ 64%] innodb.innodb_bug11933790                 [ pass ]  51939
[ 64%] innodb.innodb_bug12429573                 [ pass ]   1658
[ 64%] innodb.innodb_bug12661768                 [ pass ]    549
[ 65%] innodb.innodb_bug14006907                 [ skipped ]  Test requires 'have_debug_sync'
[ 65%] innodb.innodb_bug14169459                 [ pass ]    254
[ 65%] innodb.innodb_bug21704                    [ pass ]   1688
[ 65%] innodb.innodb_bug26818787                 [ skipped ]  Test requires 'have_debug_sync'
[ 65%] innodb.innodb_bug34053                    [ pass ]   1773
[ 65%] innodb.innodb_bug34300                    [ pass ]   4047
[ 66%] innodb.innodb_bug35220                    [ pass ]    845
[ 66%] innodb.innodb_bug38231                    [ pass ]    299
[ 66%] innodb.innodb_bug40360                    [ pass ]    251
[ 66%] innodb.innodb_bug40565                    [ pass ]    837
[ 66%] innodb.innodb_bug41904                    [ pass ]    670
[ 66%] innodb.innodb_bug42101                    [ pass ]      3
[ 66%] innodb.innodb_bug42419                    [ pass ]    472
[ 67%] innodb.innodb_bug44032                    [ pass ]    276
[ 67%] innodb.innodb_bug44369                    [ pass ]     14
[ 67%] innodb.innodb_bug44571                    [ pass ]   1000
[ 67%] innodb.innodb_bug45357                    [ pass ]    652
[ 67%] innodb.innodb_bug46000                    [ pass ]    510
[ 67%] innodb.innodb_bug46676                    [ pass ]    344
[ 67%] innodb.innodb_bug47621                    [ pass ]   2701
[ 68%] innodb.innodb_bug47622                    [ pass ]   1394
[ 68%] innodb.innodb_bug47777                    [ pass ]    710
[ 68%] innodb.innodb_bug48024                    [ pass ]   1644
[ 68%] innodb.innodb_bug49164                    [ pass ]    626
[ 68%] innodb.innodb_bug51378                    [ pass ]   3474
[ 68%] innodb.innodb_bug51920                    [ pass ]    183
[ 69%] innodb.innodb_bug52199                    [ pass ]    909
[ 69%] innodb.innodb_bug53046                    [ pass ]   1311
[ 69%] innodb.innodb_bug53592                    [ pass ]   4181
[ 69%] innodb.innodb_bug54044                    [ pass ]    417
[ 69%] innodb.innodb_bug56716                    [ pass ]    228
[ 69%] innodb.innodb_bug57252                    [ pass ]    522
[ 69%] innodb.innodb_bug57255                    [ pass ]    787
[ 70%] innodb.innodb_bug57904                    [ pass ]    595
[ 70%] innodb.innodb_bug59307                    [ pass ]    782
[ 70%] innodb.innodb_bug59410                    [ pass ]    980
[ 70%] innodb.innodb_bug59641                    [ pass ]   8691
[ 70%] innodb.innodb_bug59733                    [ pass ]    759
[ 70%] innodb.innodb_bug60229                    [ pass ]    485
[ 71%] innodb.innodb_bug70867                    [ pass ]   5312
[ 71%] innodb.innodb_bug84958                    [ pass ]   3333
[ 71%] innodb.innodb_bulk_create_index_small     [ pass ]   3791
[ 71%] innodb.innodb_cats                        [ skipped ]  Test requires 'have_debug_sync'
[ 71%] innodb.innodb_force_recovery              [ pass ]  25023
[ 71%] innodb.innodb_i_s_cached_indexes          [ pass ]    834
[ 71%] innodb.innodb_i_s_innodb_trx              [ pass ]    908
[ 72%] innodb.innodb_information_schema_buffer   [ pass ]    702
[ 72%] innodb.innodb_io_pf                       [ pass ]    179
[ 72%] innodb.innodb_multi_update                [ pass ]    799
[ 72%] innodb.innodb_page_size_func              [ pass ]   8989
[ 72%] innodb.innodb_pagesize_max_recordsize     [ pass ]  110868
[ 72%] innodb.innodb_prefix_index_check          [ pass ]   3996
[ 73%] innodb.innodb_rename_index                [ pass ]  15580
[ 73%] innodb.innodb_stats                       [ pass ]   7169
[ 73%] innodb.innodb_stats_auto_recalc_ddl       [ pass ]   1071
[ 73%] innodb.innodb_stats_auto_recalc_lots      [ pass ]  79423
[ 73%] innodb.innodb_stats_auto_recalc_on_nonexistent  [ pass ]   2340
[ 73%] innodb.innodb_stats_create_table          [ pass ]    506
[ 73%] innodb.innodb_stats_drop_locked           [ pass ]  102422
[ 74%] innodb.innodb_stats_external_pages        [ pass ]   4784
[ 74%] innodb.innodb_stats_fetch_nonexistent     [ pass ]    194
[ 74%] innodb.innodb_stats_long_names            [ pass ]   1224
[ 74%] innodb.innodb_stats_rename_table          [ pass ]    622
[ 74%] innodb.innodb_stats_rename_table_if_exists  [ pass ]   1599
[ 74%] innodb.innodb_stats_table_flag_auto_recalc  [ pass ]  25605
[ 75%] innodb.innodb_stats_table_flag_sample_pages  [ pass ]  21231
[ 75%] innodb.innodb_tablespace                  [ pass ]   5299
[ 75%] innodb.innodb_trx_owns_mutex              [ skipped ]  Test requires 'have_debug_sync'
[ 75%] innodb.innodb_trx_weight                  [ pass ]   1937
[ 75%] innodb.innodb_wl6469_1                    [ pass ]    249
[ 75%] innodb.innodb_wl6470                      [ pass ]     62
[ 75%] innodb.innodb_wl6560_1                    [ pass ]  12779
[ 76%] innodb.innodb_wl6915                      [ pass ]   3930
[ 76%] innodb.innodb_wl8114                      [ pass ]    534
[ 76%] innodb.instant_add_column_autoinc         [ pass ]  52151
[ 76%] innodb.instant_add_column_basic           [ pass ]  143463
[ 76%] innodb.instant_add_column_clear           [ pass ]  36856
[ 76%] innodb.instant_add_column_limitations     [ pass ]   2074
[ 77%] innodb.iodku                              [ pass ]   6069
[ 77%] innodb.json_small_partial_update_00       [ pass ]   8414
[ 77%] innodb.json_small_partial_update_01       [ pass ]   6754
[ 77%] innodb.json_small_partial_update_02       [ pass ]   7597
[ 77%] innodb.json_small_partial_update_03       [ pass ]   1798
[ 77%] innodb.lob_compact                        [ pass ]   2633
[ 77%] innodb.lob_import_export                  [ pass ]   1666
[ 78%] innodb.lob_insert                         [ pass ]    964
[ 78%] innodb.lob_mvcc                           [ pass ]   1113
[ 78%] innodb.lob_vjhi                           [ pass ]    934
[ 78%] innodb.lock_impl_to_expl                  [ skipped ]  Test requires 'have_debug_sync'
[ 78%] innodb.lock_impl_to_expl_case_sensitivity  [ skipped ]  Test requires 'have_debug_sync'
[ 78%] innodb.lock_rec_unlock                    [ skipped ]  Test requires 'have_debug_sync'
[ 79%] innodb.log_buffer_size                    [ pass ]  11750
[ 79%] innodb.log_encrypt_1                      [ pass ]  20643
[ 79%] innodb.log_encrypt_4                      [ pass ]  115306
[ 79%] innodb.log_encrypt_5                      [ pass ]  48238
[ 79%] innodb.log_encrypt_6                      [ pass ]  61142
[ 79%] innodb.log_encrypt_kill                   [ pass ]  80266
[ 79%] innodb.log_file_size_checkpoint           [ pass ]  91255
[ 80%] innodb.log_file_system                    [ pass ]  26995
[ 80%] innodb.log_spin_vars                      [ pass ]  12407
[ 80%] innodb.missing_tablespaces                [ pass ]   9593
[ 80%] innodb.mixed_case_0                       [ pass ]   5373
[ 80%] innodb.mixed_case_1                       [ skipped ]  Test requires 'lower_case_table_names = 1'
[ 80%] innodb.mixed_case_2                       [ skipped ]  Test requires 'lower_case_table_names = 2'
[ 81%] innodb.monitor                            [ pass ]   3374
[ 81%] innodb.mysql_tables_deadlocks             [ skipped ]  Test requires 'have_debug_sync'
[ 81%] innodb.mysqldump_max_recordsize           [ pass ]  139975
[ 81%] innodb.partition-blob                     [ pass ]   4950
[ 81%] innodb.partition                          [ pass ]  32724
[ 81%] innodb.partition_autoinc                  [ pass ]  41504
[ 81%] innodb.portability_basic                  [ pass ]  31149
[ 82%] innodb.portability_tablespace             [ pass ]  50964
[ 82%] innodb.readahead                          [ pass ]   9148
[ 82%] innodb.readonly                           [ pass ]  21553
[ 82%] innodb.rename_fk_1                        [ pass ]   2583
[ 82%] innodb.rename_fk_2                        [ pass ]   2799
[ 82%] innodb.rename_table                       [ pass ]  11373
[ 83%] innodb.sdi                                [ pass ]  58437
[ 83%] innodb.sdi_compressed                     [ pass ]   1614
[ 83%] innodb.show_engine_status                 [ pass ]    536
[ 83%] innodb.skip_locked_nowait_isolation       [ pass ]   5860
[ 83%] innodb.stored_fk                          [ pass ]   5666
[ 83%] innodb.strict_mode                        [ pass ]   1092
[ 83%] innodb.table_encrypt_3                    [ pass ]  167134
[ 84%] innodb.tablespace_encrypt_4               [ pass ]  31298
[ 84%] innodb.tablespace_per_table               [ pass ]   7440
[ 84%] innodb.tablespace_per_table_not_windows   [ pass ]   2925
[ 84%] innodb.tablespace_per_table_windows       [ skipped ]  Need windows
[ 84%] innodb.temp_table                         [ pass ]   1178
[ 84%] innodb.temp_table_savepoint               [ pass ]    677
[ 84%] innodb.temporary_table                    [ pass ]  41507
[ 85%] innodb.temporary_table_optimization       [ pass ]    277
[ 85%] innodb.timestamp                          [ pass ]    932
[ 85%] innodb.tmpdir                             [ pass ]   5132
[ 85%] innodb.trx_id_future                      [ pass ]   5060
[ 85%] innodb.undo                               [ pass ]   1159
[ 85%] innodb.undo_encrypt_basic                 [ pass ]  59740
[ 86%] innodb.update-cascade                     [ skipped ]  Test requires 'have_debug_sync'
[ 86%] innodb.update-ext                         [ pass ]   1070
[ 86%] innodb.update_time_wl6658                 [ pass ]  31196
[ 86%] innodb.upgrade_orphan                     [ pass ]  133212
[ 86%] innodb.virtual_basic                      [ pass ]  263307
[ 86%] innodb.virtual_blob                       [ pass ]    880
[ 86%] innodb.virtual_fk                         [ pass ]  36705
[ 87%] innodb.virtual_fk_restart                 [ pass ]  11777
[ 87%] innodb.virtual_index                      [ pass ]   9894
[ 87%] innodb.virtual_purge                      [ pass ]   3658
[ 87%] innodb.virtual_stats                      [ pass ]   1206
[ 87%] innodb.virtual_uncommitted                [ skipped ]  Test requires 'have_debug_sync'
[ 87%] innodb.xa_recovery                        [ pass ]  10550
[ 88%] innodb.zlob                               [ pass ]   2575
[ 88%] innodb.zlob_geom                          [ pass ]   1149
[ 88%] innodb.zlob_import_export                 [ pass ]   1872
[ 88%] innodb.zlob_purge_undo_no                 [ pass ]    378
[ 88%] innodb.zlob_redundant_partial_update      [ pass ]   4293
[ 88%] innodb.zlob_rollback                      [ pass ]   1165
[ 88%] innodb_fts.alter                          [ pass ]  45344
[ 89%] innodb_fts.basic                          [ pass ]   6063
[ 89%] innodb_fts.ddl                            [ pass ]  24508
[ 89%] innodb_fts.fic                            [ pass ]  15118
[ 89%] innodb_fts.foreign_key_check              [ pass ]   3023
[ 89%] innodb_fts.foreign_key_update             [ pass ]   2568
[ 89%] innodb_fts.fulltext                       [ pass ]  54757
[ 90%] innodb_fts.fulltext2                      [ pass ]  34374
[ 90%] innodb_fts.fulltext3                      [ pass ]  13165
[ 90%] innodb_fts.fulltext_cache                 [ pass ]   2131
[ 90%] innodb_fts.fulltext_distinct              [ pass ]   1402
[ 90%] innodb_fts.fulltext_left_join             [ pass ]  11336
[ 90%] innodb_fts.fulltext_misc                  [ pass ]  14479
[ 90%] innodb_fts.fulltext_multi                 [ pass ]   4307
[ 91%] innodb_fts.fulltext_order_by              [ pass ]  17537
[ 91%] innodb_fts.fulltext_update                [ pass ]   1660
[ 91%] innodb_fts.fulltext_var                   [ pass ]    788
[ 91%] innodb_fts.large_records                  [ pass ]  13605
[ 91%] innodb_fts.misc                           [ pass ]  100862
[ 91%] innodb_fts.misc_1                         [ pass ]  46322
[ 92%] innodb_fts.multiple_index                 [ pass ]   4939
[ 92%] innodb_fts.ngram_1                        [ pass ]  221725
[ 92%] innodb_fts.opt                            [ pass ]  20801
[ 92%] innodb_fts.phrase                         [ pass ]   2594
[ 92%] innodb_fts.proximity                      [ pass ]   9813
[ 92%] innodb_fts.savepoint                      [ pass ]  26647
[ 92%] innodb_fts.stopword                       [ pass ]  30638
[ 93%] innodb_fts.subexpr                        [ pass ]    886
[ 93%] innodb_fts.tablespace                     [ pass ]  15462
[ 93%] innodb_fts.tablespace_location            [ pass ]  28305
[ 93%] innodb_fts.transaction                    [ pass ]  16553
[ 93%] innodb_fts.truncate                       [ pass ]  24733
[ 93%] innodb_fts.zip                            [ pass ]   6539
[ 94%] innodb_gis.0                              [ pass ]   6751
[ 94%] innodb_gis.1                              [ pass ]  22150
[ 94%] innodb_gis.alter_spatial_index            [ pass ]  13129
[ 94%] innodb_gis.bug16236208                    [ pass ]    472
[ 94%] innodb_gis.gis                            [ pass ]  19798
[ 94%] innodb_gis.point_basic                    [ pass ]  12448
[ 94%] innodb_gis.precise                        [ pass ]   1732
[ 95%] innodb_gis.repeatable_spatial             [ pass ]   1974
[ 95%] innodb_gis.row_format                     [ pass ]   3501
[ 95%] innodb_gis.rt_precise                     [ pass ]   5307
[ 95%] innodb_gis.rtree                          [ pass ]   7143
[ 95%] innodb_gis.rtree_multi_pk                 [ pass ]   3919
[ 95%] innodb_gis.rtree_old                      [ pass ]  16602
[ 96%] innodb_gis.rtree_recovery                 [ pass ]  34640
[ 96%] innodb_gis.rtree_search                   [ pass ]  245888
[ 96%] innodb_gis.rtree_undo                     [ pass ]  12203
[ 96%] innodb_undo.encrypt_explicit              [ pass ]  63260
[ 96%] innodb_undo.undo_ddl_vs_dml               [ pass ]  48779
[ 96%] innodb_undo.undo_tablespace               [ pass ]  43057
[ 96%] innodb_undo.undo_tablespace_win           [ skipped ]  Need windows
[ 97%] innodb_zip.bug36169                       [ pass ]   2549
[ 97%] innodb_zip.bug52745                       [ pass ]    562
[ 97%] innodb_zip.bug53591                       [ pass ]    212
[ 97%] innodb_zip.bug56680                       [ pass ]   4991
[ 97%] innodb_zip.create_options                 [ pass ]  33635
[ 97%] innodb_zip.innochecksum                   [ pass ]  26920
[ 98%] innodb_zip.restart                        [ pass ]  43538
[ 98%] innodb_zip.wl6344_compress_level          [ pass ]   6837
[ 98%] innodb_zip.zip                            [ pass ]  15385
[ 98%] innodb_stress.innodb_stress               [ fail ]
        Test ended at 2019-06-29 23:21:37

CURRENT_TEST: innodb_stress.innodb_stress
Traceback (most recent call last):
  File "/home/romz/romz-projects/github/github-innodb-modularization/innodb-modularization/mysql-test/suite/innodb_stress/t/load_generator.py", line 3, in <module>
    import MySQLdb
ImportError: No module named MySQLdb
mysqltest: At line 83: Command "$exec" failed.

Output from before failure:
exec of 'python /home/romz/romz-projects/github/github-innodb-modularization/innodb-modularization/mysql-test/suite/innodb_stress/t/load_generator.py /home/romz/tmp/innodb/clang/mysql-test/var/run/mysqld.1.pid 0 1000  2 10 root 127.0.0.1 13000 test 0 4096 /home/romz/tmp/innodb/clang/mysql-test/var/tmp/load_generator 0 0 0' failed, error: 256, status: 1, errno: 2.

In included file ./suite/innodb_stress/include/innodb_stress.inc: 83
included from /home/romz/romz-projects/github/github-innodb-modularization/innodb-modularization/mysql-test/suite/innodb_stress/t/innodb_stress.test: 36

The result from queries just before the failure was:
include/master-slave.inc
Warnings:
Note	####	Sending passwords in plain text without SSL/TLS is extremely insecure.
Note	####	Storing MySQL user name or password information in the master info repository is not secure and is therefore not recommended. Please consider using the USER and PASSWORD connection options for START SLAVE; see the 'START SLAVE Syntax' in the MySQL Manual for more information.
[connection master]
DROP TABLE IF EXISTS t1;
CREATE TABLE t1(id INT AUTO_INCREMENT PRIMARY KEY,
msg_prefix VARCHAR(255),
msg VARCHAR(255),
msg_length int,
msg_checksum varchar(128),
KEY msg_i(msg_prefix))
ENGINE=INNODB
ROW_FORMAT=COMPRESSED
KEY_BLOCK_SIZE=16;
call mtr.add_suppression(".*");
safe_process[19865]: Child process: 19866, exit: 1

 - the logfile can be found in '/home/romz/tmp/innodb/clang/mysql-test/var/log/innodb_stress.innodb_stress/innodb_stress.log'

Retrying test innodb_stress.innodb_stress, attempt(2/3).

[ 98%] innodb_stress.innodb_stress               [ retry-fail ]
        Test ended at 2019-06-29 23:22:43

CURRENT_TEST: innodb_stress.innodb_stress
Traceback (most recent call last):
  File "/home/romz/romz-projects/github/github-innodb-modularization/innodb-modularization/mysql-test/suite/innodb_stress/t/load_generator.py", line 3, in <module>
    import MySQLdb
ImportError: No module named MySQLdb
mysqltest: At line 83: Command "$exec" failed.

Output from before failure:
exec of 'python /home/romz/romz-projects/github/github-innodb-modularization/innodb-modularization/mysql-test/suite/innodb_stress/t/load_generator.py /home/romz/tmp/innodb/clang/mysql-test/var/run/mysqld.1.pid 0 1000  2 10 root 127.0.0.1 13000 test 0 4096 /home/romz/tmp/innodb/clang/mysql-test/var/tmp/load_generator 0 0 0' failed, error: 256, status: 1, errno: 2.

In included file ./suite/innodb_stress/include/innodb_stress.inc: 83
included from /home/romz/romz-projects/github/github-innodb-modularization/innodb-modularization/mysql-test/suite/innodb_stress/t/innodb_stress.test: 36

The result from queries just before the failure was:
include/master-slave.inc
Warnings:
Note	####	Sending passwords in plain text without SSL/TLS is extremely insecure.
Note	####	Storing MySQL user name or password information in the master info repository is not secure and is therefore not recommended. Please consider using the USER and PASSWORD connection options for START SLAVE; see the 'START SLAVE Syntax' in the MySQL Manual for more information.
[connection master]
DROP TABLE IF EXISTS t1;
CREATE TABLE t1(id INT AUTO_INCREMENT PRIMARY KEY,
msg_prefix VARCHAR(255),
msg VARCHAR(255),
msg_length int,
msg_checksum varchar(128),
KEY msg_i(msg_prefix))
ENGINE=INNODB
ROW_FORMAT=COMPRESSED
KEY_BLOCK_SIZE=16;
call mtr.add_suppression(".*");
safe_process[20061]: Child process: 20062, exit: 1

 - the logfile can be found in '/home/romz/tmp/innodb/clang/mysql-test/var/log/innodb_stress.innodb_stress/innodb_stress.log'

Test innodb_stress.innodb_stress has failed 2 times, no more retries.

[ 98%] innodb_stress.innodb_stress_blob          [ fail ]
        Test ended at 2019-06-29 23:23:42

CURRENT_TEST: innodb_stress.innodb_stress_blob
Traceback (most recent call last):
  File "/home/romz/romz-projects/github/github-innodb-modularization/innodb-modularization/mysql-test/suite/innodb_stress/t/load_generator.py", line 3, in <module>
    import MySQLdb
ImportError: No module named MySQLdb
mysqltest: At line 83: Command "$exec" failed.

Output from before failure:
exec of 'python /home/romz/romz-projects/github/github-innodb-modularization/innodb-modularization/mysql-test/suite/innodb_stress/t/load_generator.py /home/romz/tmp/innodb/clang/mysql-test/var/run/mysqld.1.pid 0 1000  2 10 root 127.0.0.1 13000 test 1 4096 /home/romz/tmp/innodb/clang/mysql-test/var/tmp/load_generator 0 0 0' failed, error: 256, status: 1, errno: 2.

In included file ./suite/innodb_stress/include/innodb_stress.inc: 83
included from /home/romz/romz-projects/github/github-innodb-modularization/innodb-modularization/mysql-test/suite/innodb_stress/t/innodb_stress_blob.test: 36

The result from queries just before the failure was:
include/master-slave.inc
Warnings:
Note	####	Sending passwords in plain text without SSL/TLS is extremely insecure.
Note	####	Storing MySQL user name or password information in the master info repository is not secure and is therefore not recommended. Please consider using the USER and PASSWORD connection options for START SLAVE; see the 'START SLAVE Syntax' in the MySQL Manual for more information.
[connection master]
DROP TABLE IF EXISTS t1;
CREATE TABLE t1(id INT AUTO_INCREMENT PRIMARY KEY,
msg_prefix VARCHAR(255),
msg longtext,
msg_length int,
msg_checksum varchar(128),
KEY msg_i(msg_prefix))
ENGINE=INNODB
ROW_FORMAT=COMPRESSED
KEY_BLOCK_SIZE=16;
call mtr.add_suppression(".*");
safe_process[20263]: Child process: 20264, exit: 1

 - the logfile can be found in '/home/romz/tmp/innodb/clang/mysql-test/var/log/innodb_stress.innodb_stress_blob/innodb_stress_blob.log'

Retrying test innodb_stress.innodb_stress_blob, attempt(2/3).

[ 98%] innodb_stress.innodb_stress_blob          [ retry-fail ]
        Test ended at 2019-06-29 23:24:36

CURRENT_TEST: innodb_stress.innodb_stress_blob
Traceback (most recent call last):
  File "/home/romz/romz-projects/github/github-innodb-modularization/innodb-modularization/mysql-test/suite/innodb_stress/t/load_generator.py", line 3, in <module>
    import MySQLdb
ImportError: No module named MySQLdb
mysqltest: At line 83: Command "$exec" failed.

Output from before failure:
exec of 'python /home/romz/romz-projects/github/github-innodb-modularization/innodb-modularization/mysql-test/suite/innodb_stress/t/load_generator.py /home/romz/tmp/innodb/clang/mysql-test/var/run/mysqld.1.pid 0 1000  2 10 root 127.0.0.1 13000 test 1 4096 /home/romz/tmp/innodb/clang/mysql-test/var/tmp/load_generator 0 0 0' failed, error: 256, status: 1, errno: 2.

In included file ./suite/innodb_stress/include/innodb_stress.inc: 83
included from /home/romz/romz-projects/github/github-innodb-modularization/innodb-modularization/mysql-test/suite/innodb_stress/t/innodb_stress_blob.test: 36

The result from queries just before the failure was:
include/master-slave.inc
Warnings:
Note	####	Sending passwords in plain text without SSL/TLS is extremely insecure.
Note	####	Storing MySQL user name or password information in the master info repository is not secure and is therefore not recommended. Please consider using the USER and PASSWORD connection options for START SLAVE; see the 'START SLAVE Syntax' in the MySQL Manual for more information.
[connection master]
DROP TABLE IF EXISTS t1;
CREATE TABLE t1(id INT AUTO_INCREMENT PRIMARY KEY,
msg_prefix VARCHAR(255),
msg longtext,
msg_length int,
msg_checksum varchar(128),
KEY msg_i(msg_prefix))
ENGINE=INNODB
ROW_FORMAT=COMPRESSED
KEY_BLOCK_SIZE=16;
call mtr.add_suppression(".*");
safe_process[20458]: Child process: 20459, exit: 1

 - the logfile can be found in '/home/romz/tmp/innodb/clang/mysql-test/var/log/innodb_stress.innodb_stress_blob/innodb_stress_blob.log'

Test innodb_stress.innodb_stress_blob has failed 2 times, no more retries.

[ 98%] innodb_stress.innodb_stress_blob_nocompress  [ fail ]
        Test ended at 2019-06-29 23:25:29

CURRENT_TEST: innodb_stress.innodb_stress_blob_nocompress
Traceback (most recent call last):
  File "/home/romz/romz-projects/github/github-innodb-modularization/innodb-modularization/mysql-test/suite/innodb_stress/t/load_generator.py", line 3, in <module>
    import MySQLdb
ImportError: No module named MySQLdb
mysqltest: At line 83: Command "$exec" failed.

Output from before failure:
exec of 'python /home/romz/romz-projects/github/github-innodb-modularization/innodb-modularization/mysql-test/suite/innodb_stress/t/load_generator.py /home/romz/tmp/innodb/clang/mysql-test/var/run/mysqld.1.pid 0 1000  2 10 root 127.0.0.1 13000 test 1 4096 /home/romz/tmp/innodb/clang/mysql-test/var/tmp/load_generator 0 0 0' failed, error: 256, status: 1, errno: 2.

In included file ./suite/innodb_stress/include/innodb_stress.inc: 83
included from /home/romz/romz-projects/github/github-innodb-modularization/innodb-modularization/mysql-test/suite/innodb_stress/t/innodb_stress_blob_nocompress.test: 34

The result from queries just before the failure was:
include/master-slave.inc
Warnings:
Note	####	Sending passwords in plain text without SSL/TLS is extremely insecure.
Note	####	Storing MySQL user name or password information in the master info repository is not secure and is therefore not recommended. Please consider using the USER and PASSWORD connection options for START SLAVE; see the 'START SLAVE Syntax' in the MySQL Manual for more information.
[connection master]
DROP TABLE IF EXISTS t1;
CREATE TABLE t1(id INT AUTO_INCREMENT PRIMARY KEY,
msg_prefix VARCHAR(255),
msg longtext,
msg_length int,
msg_checksum varchar(128),
KEY msg_i(msg_prefix))
ENGINE=INNODB;
call mtr.add_suppression(".*");
safe_process[20663]: Child process: 20664, exit: 1

 - the logfile can be found in '/home/romz/tmp/innodb/clang/mysql-test/var/log/innodb_stress.innodb_stress_blob_nocompress/innodb_stress_blob_nocompress.log'

Retrying test innodb_stress.innodb_stress_blob_nocompress, attempt(2/3).

[ 98%] innodb_stress.innodb_stress_blob_nocompress  [ retry-fail ]
        Test ended at 2019-06-29 23:26:23

CURRENT_TEST: innodb_stress.innodb_stress_blob_nocompress
Traceback (most recent call last):
  File "/home/romz/romz-projects/github/github-innodb-modularization/innodb-modularization/mysql-test/suite/innodb_stress/t/load_generator.py", line 3, in <module>
    import MySQLdb
ImportError: No module named MySQLdb
mysqltest: At line 83: Command "$exec" failed.

Output from before failure:
exec of 'python /home/romz/romz-projects/github/github-innodb-modularization/innodb-modularization/mysql-test/suite/innodb_stress/t/load_generator.py /home/romz/tmp/innodb/clang/mysql-test/var/run/mysqld.1.pid 0 1000  2 10 root 127.0.0.1 13000 test 1 4096 /home/romz/tmp/innodb/clang/mysql-test/var/tmp/load_generator 0 0 0' failed, error: 256, status: 1, errno: 2.

In included file ./suite/innodb_stress/include/innodb_stress.inc: 83
included from /home/romz/romz-projects/github/github-innodb-modularization/innodb-modularization/mysql-test/suite/innodb_stress/t/innodb_stress_blob_nocompress.test: 34

The result from queries just before the failure was:
include/master-slave.inc
Warnings:
Note	####	Sending passwords in plain text without SSL/TLS is extremely insecure.
Note	####	Storing MySQL user name or password information in the master info repository is not secure and is therefore not recommended. Please consider using the USER and PASSWORD connection options for START SLAVE; see the 'START SLAVE Syntax' in the MySQL Manual for more information.
[connection master]
DROP TABLE IF EXISTS t1;
CREATE TABLE t1(id INT AUTO_INCREMENT PRIMARY KEY,
msg_prefix VARCHAR(255),
msg longtext,
msg_length int,
msg_checksum varchar(128),
KEY msg_i(msg_prefix))
ENGINE=INNODB;
call mtr.add_suppression(".*");
safe_process[20870]: Child process: 20871, exit: 1

 - the logfile can be found in '/home/romz/tmp/innodb/clang/mysql-test/var/log/innodb_stress.innodb_stress_blob_nocompress/innodb_stress_blob_nocompress.log'

Test innodb_stress.innodb_stress_blob_nocompress has failed 2 times, no more retries.

[ 98%] innodb_stress.innodb_stress_crash         [ fail ]
        Test ended at 2019-06-29 23:27:20

CURRENT_TEST: innodb_stress.innodb_stress_crash
Traceback (most recent call last):
  File "/home/romz/romz-projects/github/github-innodb-modularization/innodb-modularization/mysql-test/suite/innodb_stress/t/load_generator.py", line 3, in <module>
    import MySQLdb
ImportError: No module named MySQLdb
mysqltest: At line 83: Command "$exec" failed.

Output from before failure:
exec of 'python /home/romz/romz-projects/github/github-innodb-modularization/innodb-modularization/mysql-test/suite/innodb_stress/t/load_generator.py /home/romz/tmp/innodb/clang/mysql-test/var/run/mysqld.1.pid 10 1000  2 0 root 127.0.0.1 13000 test 0 4096 /home/romz/tmp/innodb/clang/mysql-test/var/tmp/load_generator 0 0 0' failed, error: 256, status: 1, errno: 2.

In included file ./suite/innodb_stress/include/innodb_stress.inc: 83
included from /home/romz/romz-projects/github/github-innodb-modularization/innodb-modularization/mysql-test/suite/innodb_stress/t/innodb_stress_crash.test: 39

The result from queries just before the failure was:
include/master-slave.inc
Warnings:
Note	####	Sending passwords in plain text without SSL/TLS is extremely insecure.
Note	####	Storing MySQL user name or password information in the master info repository is not secure and is therefore not recommended. Please consider using the USER and PASSWORD connection options for START SLAVE; see the 'START SLAVE Syntax' in the MySQL Manual for more information.
[connection master]
DROP TABLE IF EXISTS t1;
CREATE TABLE t1(id INT AUTO_INCREMENT PRIMARY KEY,
msg_prefix VARCHAR(255),
msg VARCHAR(255),
msg_length int,
msg_checksum varchar(128),
KEY msg_i(msg_prefix))
ENGINE=INNODB
ROW_FORMAT=COMPRESSED
KEY_BLOCK_SIZE=16;
call mtr.add_suppression(".*");
safe_process[21065]: Child process: 21066, exit: 1

 - the logfile can be found in '/home/romz/tmp/innodb/clang/mysql-test/var/log/innodb_stress.innodb_stress_crash/innodb_stress_crash.log'

Retrying test innodb_stress.innodb_stress_crash, attempt(2/3).

[ 98%] innodb_stress.innodb_stress_crash         [ retry-fail ]
        Test ended at 2019-06-29 23:28:25

CURRENT_TEST: innodb_stress.innodb_stress_crash
Traceback (most recent call last):
  File "/home/romz/romz-projects/github/github-innodb-modularization/innodb-modularization/mysql-test/suite/innodb_stress/t/load_generator.py", line 3, in <module>
    import MySQLdb
ImportError: No module named MySQLdb
mysqltest: At line 83: Command "$exec" failed.

Output from before failure:
exec of 'python /home/romz/romz-projects/github/github-innodb-modularization/innodb-modularization/mysql-test/suite/innodb_stress/t/load_generator.py /home/romz/tmp/innodb/clang/mysql-test/var/run/mysqld.1.pid 10 1000  2 0 root 127.0.0.1 13000 test 0 4096 /home/romz/tmp/innodb/clang/mysql-test/var/tmp/load_generator 0 0 0' failed, error: 256, status: 1, errno: 2.

In included file ./suite/innodb_stress/include/innodb_stress.inc: 83
included from /home/romz/romz-projects/github/github-innodb-modularization/innodb-modularization/mysql-test/suite/innodb_stress/t/innodb_stress_crash.test: 39

The result from queries just before the failure was:
include/master-slave.inc
Warnings:
Note	####	Sending passwords in plain text without SSL/TLS is extremely insecure.
Note	####	Storing MySQL user name or password information in the master info repository is not secure and is therefore not recommended. Please consider using the USER and PASSWORD connection options for START SLAVE; see the 'START SLAVE Syntax' in the MySQL Manual for more information.
[connection master]
DROP TABLE IF EXISTS t1;
CREATE TABLE t1(id INT AUTO_INCREMENT PRIMARY KEY,
msg_prefix VARCHAR(255),
msg VARCHAR(255),
msg_length int,
msg_checksum varchar(128),
KEY msg_i(msg_prefix))
ENGINE=INNODB
ROW_FORMAT=COMPRESSED
KEY_BLOCK_SIZE=16;
call mtr.add_suppression(".*");
safe_process[21267]: Child process: 21268, exit: 1

 - the logfile can be found in '/home/romz/tmp/innodb/clang/mysql-test/var/log/innodb_stress.innodb_stress_crash/innodb_stress_crash.log'

Test innodb_stress.innodb_stress_crash has failed 2 times, no more retries.

[ 99%] innodb_stress.innodb_stress_crash_blob    [ fail ]
        Test ended at 2019-06-29 23:29:20

CURRENT_TEST: innodb_stress.innodb_stress_crash_blob
Traceback (most recent call last):
  File "/home/romz/romz-projects/github/github-innodb-modularization/innodb-modularization/mysql-test/suite/innodb_stress/t/load_generator.py", line 3, in <module>
    import MySQLdb
ImportError: No module named MySQLdb
mysqltest: At line 83: Command "$exec" failed.

Output from before failure:
exec of 'python /home/romz/romz-projects/github/github-innodb-modularization/innodb-modularization/mysql-test/suite/innodb_stress/t/load_generator.py /home/romz/tmp/innodb/clang/mysql-test/var/run/mysqld.1.pid 10 1000  2 0 root 127.0.0.1 13000 test 1 4096 /home/romz/tmp/innodb/clang/mysql-test/var/tmp/load_generator 0 0 0' failed, error: 256, status: 1, errno: 2.

In included file ./suite/innodb_stress/include/innodb_stress.inc: 83
included from /home/romz/romz-projects/github/github-innodb-modularization/innodb-modularization/mysql-test/suite/innodb_stress/t/innodb_stress_crash_blob.test: 39

The result from queries just before the failure was:
include/master-slave.inc
Warnings:
Note	####	Sending passwords in plain text without SSL/TLS is extremely insecure.
Note	####	Storing MySQL user name or password information in the master info repository is not secure and is therefore not recommended. Please consider using the USER and PASSWORD connection options for START SLAVE; see the 'START SLAVE Syntax' in the MySQL Manual for more information.
[connection master]
DROP TABLE IF EXISTS t1;
CREATE TABLE t1(id INT AUTO_INCREMENT PRIMARY KEY,
msg_prefix VARCHAR(255),
msg longtext,
msg_length int,
msg_checksum varchar(128),
KEY msg_i(msg_prefix))
ENGINE=INNODB
ROW_FORMAT=COMPRESSED
KEY_BLOCK_SIZE=16;
call mtr.add_suppression(".*");
safe_process[21460]: Child process: 21461, exit: 1

 - the logfile can be found in '/home/romz/tmp/innodb/clang/mysql-test/var/log/innodb_stress.innodb_stress_crash_blob/innodb_stress_crash_blob.log'

Retrying test innodb_stress.innodb_stress_crash_blob, attempt(2/3).

[ 99%] innodb_stress.innodb_stress_crash_blob    [ retry-fail ]
        Test ended at 2019-06-29 23:30:15

CURRENT_TEST: innodb_stress.innodb_stress_crash_blob
Traceback (most recent call last):
  File "/home/romz/romz-projects/github/github-innodb-modularization/innodb-modularization/mysql-test/suite/innodb_stress/t/load_generator.py", line 3, in <module>
    import MySQLdb
ImportError: No module named MySQLdb
mysqltest: At line 83: Command "$exec" failed.

Output from before failure:
exec of 'python /home/romz/romz-projects/github/github-innodb-modularization/innodb-modularization/mysql-test/suite/innodb_stress/t/load_generator.py /home/romz/tmp/innodb/clang/mysql-test/var/run/mysqld.1.pid 10 1000  2 0 root 127.0.0.1 13000 test 1 4096 /home/romz/tmp/innodb/clang/mysql-test/var/tmp/load_generator 0 0 0' failed, error: 256, status: 1, errno: 2.

In included file ./suite/innodb_stress/include/innodb_stress.inc: 83
included from /home/romz/romz-projects/github/github-innodb-modularization/innodb-modularization/mysql-test/suite/innodb_stress/t/innodb_stress_crash_blob.test: 39

The result from queries just before the failure was:
include/master-slave.inc
Warnings:
Note	####	Sending passwords in plain text without SSL/TLS is extremely insecure.
Note	####	Storing MySQL user name or password information in the master info repository is not secure and is therefore not recommended. Please consider using the USER and PASSWORD connection options for START SLAVE; see the 'START SLAVE Syntax' in the MySQL Manual for more information.
[connection master]
DROP TABLE IF EXISTS t1;
CREATE TABLE t1(id INT AUTO_INCREMENT PRIMARY KEY,
msg_prefix VARCHAR(255),
msg longtext,
msg_length int,
msg_checksum varchar(128),
KEY msg_i(msg_prefix))
ENGINE=INNODB
ROW_FORMAT=COMPRESSED
KEY_BLOCK_SIZE=16;
call mtr.add_suppression(".*");
safe_process[21653]: Child process: 21655, exit: 1

 - the logfile can be found in '/home/romz/tmp/innodb/clang/mysql-test/var/log/innodb_stress.innodb_stress_crash_blob/innodb_stress_crash_blob.log'

Test innodb_stress.innodb_stress_crash_blob has failed 2 times, no more retries.

[ 99%] innodb_stress.innodb_stress_crash_blob_nocompress  [ fail ]
        Test ended at 2019-06-29 23:31:10

CURRENT_TEST: innodb_stress.innodb_stress_crash_blob_nocompress
Traceback (most recent call last):
  File "/home/romz/romz-projects/github/github-innodb-modularization/innodb-modularization/mysql-test/suite/innodb_stress/t/load_generator.py", line 3, in <module>
    import MySQLdb
ImportError: No module named MySQLdb
mysqltest: At line 83: Command "$exec" failed.

Output from before failure:
exec of 'python /home/romz/romz-projects/github/github-innodb-modularization/innodb-modularization/mysql-test/suite/innodb_stress/t/load_generator.py /home/romz/tmp/innodb/clang/mysql-test/var/run/mysqld.1.pid 10 1000  2 0 root 127.0.0.1 13000 test 1 4096 /home/romz/tmp/innodb/clang/mysql-test/var/tmp/load_generator 0 0 0' failed, error: 256, status: 1, errno: 2.

In included file ./suite/innodb_stress/include/innodb_stress.inc: 83
included from /home/romz/romz-projects/github/github-innodb-modularization/innodb-modularization/mysql-test/suite/innodb_stress/t/innodb_stress_crash_blob_nocompress.test: 37

The result from queries just before the failure was:
include/master-slave.inc
Warnings:
Note	####	Sending passwords in plain text without SSL/TLS is extremely insecure.
Note	####	Storing MySQL user name or password information in the master info repository is not secure and is therefore not recommended. Please consider using the USER and PASSWORD connection options for START SLAVE; see the 'START SLAVE Syntax' in the MySQL Manual for more information.
[connection master]
DROP TABLE IF EXISTS t1;
CREATE TABLE t1(id INT AUTO_INCREMENT PRIMARY KEY,
msg_prefix VARCHAR(255),
msg longtext,
msg_length int,
msg_checksum varchar(128),
KEY msg_i(msg_prefix))
ENGINE=INNODB;
call mtr.add_suppression(".*");
safe_process[21847]: Child process: 21848, exit: 1

 - the logfile can be found in '/home/romz/tmp/innodb/clang/mysql-test/var/log/innodb_stress.innodb_stress_crash_blob_nocompress/innodb_stress_crash_blob_nocompress.log'

Retrying test innodb_stress.innodb_stress_crash_blob_nocompress, attempt(2/3).

[ 99%] innodb_stress.innodb_stress_crash_blob_nocompress  [ retry-fail ]
        Test ended at 2019-06-29 23:32:13

CURRENT_TEST: innodb_stress.innodb_stress_crash_blob_nocompress
Traceback (most recent call last):
  File "/home/romz/romz-projects/github/github-innodb-modularization/innodb-modularization/mysql-test/suite/innodb_stress/t/load_generator.py", line 3, in <module>
    import MySQLdb
ImportError: No module named MySQLdb
mysqltest: At line 83: Command "$exec" failed.

Output from before failure:
exec of 'python /home/romz/romz-projects/github/github-innodb-modularization/innodb-modularization/mysql-test/suite/innodb_stress/t/load_generator.py /home/romz/tmp/innodb/clang/mysql-test/var/run/mysqld.1.pid 10 1000  2 0 root 127.0.0.1 13000 test 1 4096 /home/romz/tmp/innodb/clang/mysql-test/var/tmp/load_generator 0 0 0' failed, error: 256, status: 1, errno: 2.

In included file ./suite/innodb_stress/include/innodb_stress.inc: 83
included from /home/romz/romz-projects/github/github-innodb-modularization/innodb-modularization/mysql-test/suite/innodb_stress/t/innodb_stress_crash_blob_nocompress.test: 37

The result from queries just before the failure was:
include/master-slave.inc
Warnings:
Note	####	Sending passwords in plain text without SSL/TLS is extremely insecure.
Note	####	Storing MySQL user name or password information in the master info repository is not secure and is therefore not recommended. Please consider using the USER and PASSWORD connection options for START SLAVE; see the 'START SLAVE Syntax' in the MySQL Manual for more information.
[connection master]
DROP TABLE IF EXISTS t1;
CREATE TABLE t1(id INT AUTO_INCREMENT PRIMARY KEY,
msg_prefix VARCHAR(255),
msg longtext,
msg_length int,
msg_checksum varchar(128),
KEY msg_i(msg_prefix))
ENGINE=INNODB;
call mtr.add_suppression(".*");
safe_process[22046]: Child process: 22047, exit: 1

 - the logfile can be found in '/home/romz/tmp/innodb/clang/mysql-test/var/log/innodb_stress.innodb_stress_crash_blob_nocompress/innodb_stress_crash_blob_nocompress.log'

Test innodb_stress.innodb_stress_crash_blob_nocompress has failed 2 times, no more retries.

[ 99%] innodb_stress.innodb_stress_crash_nocompress  [ fail ]
        Test ended at 2019-06-29 23:33:16

CURRENT_TEST: innodb_stress.innodb_stress_crash_nocompress
Traceback (most recent call last):
  File "/home/romz/romz-projects/github/github-innodb-modularization/innodb-modularization/mysql-test/suite/innodb_stress/t/load_generator.py", line 3, in <module>
    import MySQLdb
ImportError: No module named MySQLdb
mysqltest: At line 83: Command "$exec" failed.

Output from before failure:
exec of 'python /home/romz/romz-projects/github/github-innodb-modularization/innodb-modularization/mysql-test/suite/innodb_stress/t/load_generator.py /home/romz/tmp/innodb/clang/mysql-test/var/run/mysqld.1.pid 10 1000  2 0 root 127.0.0.1 13000 test 0 4096 /home/romz/tmp/innodb/clang/mysql-test/var/tmp/load_generator 0 0 0' failed, error: 256, status: 1, errno: 2.

In included file ./suite/innodb_stress/include/innodb_stress.inc: 83
included from /home/romz/romz-projects/github/github-innodb-modularization/innodb-modularization/mysql-test/suite/innodb_stress/t/innodb_stress_crash_nocompress.test: 37

The result from queries just before the failure was:
include/master-slave.inc
Warnings:
Note	####	Sending passwords in plain text without SSL/TLS is extremely insecure.
Note	####	Storing MySQL user name or password information in the master info repository is not secure and is therefore not recommended. Please consider using the USER and PASSWORD connection options for START SLAVE; see the 'START SLAVE Syntax' in the MySQL Manual for more information.
[connection master]
DROP TABLE IF EXISTS t1;
CREATE TABLE t1(id INT AUTO_INCREMENT PRIMARY KEY,
msg_prefix VARCHAR(255),
msg VARCHAR(255),
msg_length int,
msg_checksum varchar(128),
KEY msg_i(msg_prefix))
ENGINE=INNODB;
call mtr.add_suppression(".*");
safe_process[22241]: Child process: 22242, exit: 1

 - the logfile can be found in '/home/romz/tmp/innodb/clang/mysql-test/var/log/innodb_stress.innodb_stress_crash_nocompress/innodb_stress_crash_nocompress.log'

Retrying test innodb_stress.innodb_stress_crash_nocompress, attempt(2/3).

[ 99%] innodb_stress.innodb_stress_crash_nocompress  [ retry-fail ]
        Test ended at 2019-06-29 23:34:14

CURRENT_TEST: innodb_stress.innodb_stress_crash_nocompress
Traceback (most recent call last):
  File "/home/romz/romz-projects/github/github-innodb-modularization/innodb-modularization/mysql-test/suite/innodb_stress/t/load_generator.py", line 3, in <module>
    import MySQLdb
ImportError: No module named MySQLdb
mysqltest: At line 83: Command "$exec" failed.

Output from before failure:
exec of 'python /home/romz/romz-projects/github/github-innodb-modularization/innodb-modularization/mysql-test/suite/innodb_stress/t/load_generator.py /home/romz/tmp/innodb/clang/mysql-test/var/run/mysqld.1.pid 10 1000  2 0 root 127.0.0.1 13000 test 0 4096 /home/romz/tmp/innodb/clang/mysql-test/var/tmp/load_generator 0 0 0' failed, error: 256, status: 1, errno: 2.

In included file ./suite/innodb_stress/include/innodb_stress.inc: 83
included from /home/romz/romz-projects/github/github-innodb-modularization/innodb-modularization/mysql-test/suite/innodb_stress/t/innodb_stress_crash_nocompress.test: 37

The result from queries just before the failure was:
include/master-slave.inc
Warnings:
Note	####	Sending passwords in plain text without SSL/TLS is extremely insecure.
Note	####	Storing MySQL user name or password information in the master info repository is not secure and is therefore not recommended. Please consider using the USER and PASSWORD connection options for START SLAVE; see the 'START SLAVE Syntax' in the MySQL Manual for more information.
[connection master]
DROP TABLE IF EXISTS t1;
CREATE TABLE t1(id INT AUTO_INCREMENT PRIMARY KEY,
msg_prefix VARCHAR(255),
msg VARCHAR(255),
msg_length int,
msg_checksum varchar(128),
KEY msg_i(msg_prefix))
ENGINE=INNODB;
call mtr.add_suppression(".*");
safe_process[22440]: Child process: 22441, exit: 1

 - the logfile can be found in '/home/romz/tmp/innodb/clang/mysql-test/var/log/innodb_stress.innodb_stress_crash_nocompress/innodb_stress_crash_nocompress.log'

Test innodb_stress.innodb_stress_crash_nocompress has failed 2 times, no more retries.

[ 99%] innodb_stress.innodb_stress_nocompress    [ fail ]
        Test ended at 2019-06-29 23:35:18

CURRENT_TEST: innodb_stress.innodb_stress_nocompress
Traceback (most recent call last):
  File "/home/romz/romz-projects/github/github-innodb-modularization/innodb-modularization/mysql-test/suite/innodb_stress/t/load_generator.py", line 3, in <module>
    import MySQLdb
ImportError: No module named MySQLdb
mysqltest: At line 83: Command "$exec" failed.

Output from before failure:
exec of 'python /home/romz/romz-projects/github/github-innodb-modularization/innodb-modularization/mysql-test/suite/innodb_stress/t/load_generator.py /home/romz/tmp/innodb/clang/mysql-test/var/run/mysqld.1.pid 0 1000  2 10 root 127.0.0.1 13000 test 0 4096 /home/romz/tmp/innodb/clang/mysql-test/var/tmp/load_generator 0 0 0' failed, error: 256, status: 1, errno: 2.

In included file ./suite/innodb_stress/include/innodb_stress.inc: 83
included from /home/romz/romz-projects/github/github-innodb-modularization/innodb-modularization/mysql-test/suite/innodb_stress/t/innodb_stress_nocompress.test: 34

The result from queries just before the failure was:
include/master-slave.inc
Warnings:
Note	####	Sending passwords in plain text without SSL/TLS is extremely insecure.
Note	####	Storing MySQL user name or password information in the master info repository is not secure and is therefore not recommended. Please consider using the USER and PASSWORD connection options for START SLAVE; see the 'START SLAVE Syntax' in the MySQL Manual for more information.
[connection master]
DROP TABLE IF EXISTS t1;
CREATE TABLE t1(id INT AUTO_INCREMENT PRIMARY KEY,
msg_prefix VARCHAR(255),
msg VARCHAR(255),
msg_length int,
msg_checksum varchar(128),
KEY msg_i(msg_prefix))
ENGINE=INNODB;
call mtr.add_suppression(".*");
safe_process[22635]: Child process: 22636, exit: 1

 - the logfile can be found in '/home/romz/tmp/innodb/clang/mysql-test/var/log/innodb_stress.innodb_stress_nocompress/innodb_stress_nocompress.log'

Retrying test innodb_stress.innodb_stress_nocompress, attempt(2/3).

[ 99%] innodb_stress.innodb_stress_nocompress    [ retry-fail ]
        Test ended at 2019-06-29 23:36:23

CURRENT_TEST: innodb_stress.innodb_stress_nocompress
Traceback (most recent call last):
  File "/home/romz/romz-projects/github/github-innodb-modularization/innodb-modularization/mysql-test/suite/innodb_stress/t/load_generator.py", line 3, in <module>
    import MySQLdb
ImportError: No module named MySQLdb
mysqltest: At line 83: Command "$exec" failed.

Output from before failure:
exec of 'python /home/romz/romz-projects/github/github-innodb-modularization/innodb-modularization/mysql-test/suite/innodb_stress/t/load_generator.py /home/romz/tmp/innodb/clang/mysql-test/var/run/mysqld.1.pid 0 1000  2 10 root 127.0.0.1 13000 test 0 4096 /home/romz/tmp/innodb/clang/mysql-test/var/tmp/load_generator 0 0 0' failed, error: 256, status: 1, errno: 2.

In included file ./suite/innodb_stress/include/innodb_stress.inc: 83
included from /home/romz/romz-projects/github/github-innodb-modularization/innodb-modularization/mysql-test/suite/innodb_stress/t/innodb_stress_nocompress.test: 34

The result from queries just before the failure was:
include/master-slave.inc
Warnings:
Note	####	Sending passwords in plain text without SSL/TLS is extremely insecure.
Note	####	Storing MySQL user name or password information in the master info repository is not secure and is therefore not recommended. Please consider using the USER and PASSWORD connection options for START SLAVE; see the 'START SLAVE Syntax' in the MySQL Manual for more information.
[connection master]
DROP TABLE IF EXISTS t1;
CREATE TABLE t1(id INT AUTO_INCREMENT PRIMARY KEY,
msg_prefix VARCHAR(255),
msg VARCHAR(255),
msg_length int,
msg_checksum varchar(128),
KEY msg_i(msg_prefix))
ENGINE=INNODB;
call mtr.add_suppression(".*");
safe_process[22828]: Child process: 22829, exit: 1

 - the logfile can be found in '/home/romz/tmp/innodb/clang/mysql-test/var/log/innodb_stress.innodb_stress_nocompress/innodb_stress_nocompress.log'

Test innodb_stress.innodb_stress_nocompress has failed 2 times, no more retries.

[ 99%] innodb.create_tablespace_replication      [ pass ]   2591
[ 99%] innodb.innodb-import-partition-rpl        [ pass ]   8797
[100%] innodb.innodb_bulk_create_index_replication  [ pass ]   8988
Running ctest parallel=1
[100%] unit_tests                                [ pass ]       
------------------------------------------------------------------------------

Unit tests: 100% tests passed, 0 tests failed out of 43
Report from unit tests in /home/romz/tmp/innodb/clang/mysql-test/var/ctest.log
------------------------------------------------------------------------------
The servers were restarted 77 times
The servers were reinitialized 27 times
Spent 7215.981 of 9457 seconds executing testcases

Check of testcase failed for: innodb.innodb_64k

Completed: Failed 9/354 tests, 97.46% were successful.

Failing test(s): innodb_stress.innodb_stress_blob_nocompress innodb.innodb_64k innodb_stress.innodb_stress innodb_stress.innodb_stress_blob innodb_stress.innodb_stress_crash_blob_nocompress innodb_stress.innodb_stress_nocompress innodb_stress.innodb_stress_crash innodb_stress.innodb_stress_crash_nocompress innodb_stress.innodb_stress_crash_blob

The log files in var/log may give you some hint of what went wrong.

If you want to report this error, please read first the documentation
at http://dev.mysql.com/doc/mysql/en/mysql-test-suite.html

292 tests were skipped, 38 by the test itself.

mysql-test-run: *** ERROR: there were failing test cases
[romz@localhost mysql-test]$ 


