[romz@localhost mysql-test]$ ./mysql-test-run.pl --do-suite=innodb --force
Logging: /home/romz/romz-projects/github/github-innodb-modularization/innodb-modularization/mysql-test/mysql-test-run.pl  --do-suite=innodb --force
MySQL Version 8.0.16
Checking supported features
Using suite(s): innodb,innodb_fts,innodb_gis,innodb_stress,innodb_undo,innodb_zip
Collecting tests
Checking leftover processes
Removing old var directory
Creating var directory '/home/romz/tmp/innodb/clang/mysql-test/var'
Installing system database
Using parallel: 1

==============================================================================
                  TEST NAME                       RESULT  TIME (ms) COMMENT
------------------------------------------------------------------------------
[  0%] innodb_stress.innodb_bigstress            [ skipped ]  Test needs 'big-test' or 'only-big-test' option.
[  0%] innodb_stress.innodb_bigstress_blob       [ skipped ]  Test needs 'big-test' or 'only-big-test' option.
[  0%] innodb_stress.innodb_bigstress_blob_nocompress  [ skipped ]  Test needs 'big-test' or 'only-big-test' option.
[  0%] innodb_stress.innodb_bigstress_crash      [ skipped ]  Test needs 'big-test' or 'only-big-test' option.
[  0%] innodb_stress.innodb_bigstress_crash_blob  [ skipped ]  Test needs 'big-test' or 'only-big-test' option.
[  0%] innodb_stress.innodb_bigstress_crash_blob_nocompress  [ skipped ]  Test needs 'big-test' or 'only-big-test' option.
[  1%] innodb_stress.innodb_bigstress_crash_nocompress  [ skipped ]  Test needs 'big-test' or 'only-big-test' option.
[  1%] innodb_stress.innodb_bigstress_nocompress  [ skipped ]  Test needs 'big-test' or 'only-big-test' option.
[  1%] innodb_stress.innodb_hugestress           [ skipped ]  Test needs 'big-test' or 'only-big-test' option.
[  1%] innodb_stress.innodb_hugestress_blob      [ skipped ]  Test needs 'big-test' or 'only-big-test' option.
[  1%] innodb_stress.innodb_hugestress_blob_nocompress  [ skipped ]  Test needs 'big-test' or 'only-big-test' option.
[  1%] innodb_stress.innodb_hugestress_crash     [ skipped ]  Test needs 'big-test' or 'only-big-test' option.
[  1%] innodb_stress.innodb_hugestress_crash_blob  [ skipped ]  Test needs 'big-test' or 'only-big-test' option.
[  2%] innodb_stress.innodb_hugestress_crash_blob_nocompress  [ skipped ]  Test needs 'big-test' or 'only-big-test' option.
[  2%] innodb_stress.innodb_hugestress_crash_nocompress  [ skipped ]  Test needs 'big-test' or 'only-big-test' option.
[  2%] innodb_stress.innodb_hugestress_nocompress  [ skipped ]  Test needs 'big-test' or 'only-big-test' option.
[  2%] innodb.alter_crash                        [ skipped ]  Test needs debug binaries.
[  2%] innodb.alter_rename_files                 [ skipped ]  Test needs debug binaries.
[  2%] innodb.analyze_table                      [ skipped ]  Test needs 'big-test' or 'only-big-test' option.
[  3%] innodb.atomic_rename_debug_database       [ skipped ]  Test needs debug binaries.
[  3%] innodb.atomic_truncate_crash              [ skipped ]  Test needs debug binaries.
[  3%] innodb.attachable_trx                     [ skipped ]  Test needs debug binaries.
[  3%] innodb.auto_increment                     [ skipped ]  Test needs debug binaries.
[  3%] innodb.autoinc_debug                      [ skipped ]  Test needs debug binaries.
[  3%] innodb.autoinc_persist_debug              [ skipped ]  Test needs debug binaries.
[  3%] innodb.blob-crash-16k                     [ skipped ]  Test needs debug binaries.
[  4%] innodb.blob-crash-4k                      [ skipped ]  Test needs debug binaries.
[  4%] innodb.blob-crash                         [ skipped ]  Test needs debug binaries.
[  4%] innodb.blob-update-debug                  [ skipped ]  Test needs debug binaries.
[  4%] innodb.blob_page_reserve                  [ skipped ]  Test needs debug binaries.
[  4%] innodb.blob_partial_update                [ skipped ]  Test needs debug binaries.
[  4%] innodb.buf_pool_resize_oom                [ skipped ]  Test needs debug binaries.
[  5%] innodb.cascade_lock_wait                  [ skipped ]  Test needs debug binaries.
[  5%] innodb.cmp_per_index                      [ skipped ]  Test needs debug binaries.
[  5%] innodb.create_table                       [ skipped ]  Test needs debug binaries.
[  5%] innodb.create_tablespace_debug            [ skipped ]  Test needs debug binaries.
[  5%] innodb.ddl_crash_alter_partition          [ skipped ]  Test needs 'big-test' or 'only-big-test' option.
[  5%] innodb.ddl_crash_alter_table              [ skipped ]  Test needs 'big-test' or 'only-big-test' option.
[  5%] innodb.ddl_crash_alter_table_partition    [ skipped ]  Test needs 'big-test' or 'only-big-test' option.
[  6%] innodb.ddl_crash_alter_table_tablespace   [ skipped ]  Test needs 'big-test' or 'only-big-test' option.
[  6%] innodb.ddl_crash_basic                    [ skipped ]  Test needs debug binaries.
[  6%] innodb.doublewrite                        [ skipped ]  Test needs debug binaries.
[  6%] innodb.end_range_check                    [ skipped ]  Test needs 'big-test' or 'only-big-test' option.
[  6%] innodb.end_range_check_2                  [ skipped ]  Test needs debug binaries.
[  6%] innodb.flush-hang                         [ skipped ]  Test needs debug binaries.
[  7%] innodb.fts_exec_interrupt                 [ skipped ]  Test needs 'big-test' or 'only-big-test' option.
[  7%] innodb.high_prio_trx_1                    [ skipped ]  Test needs debug binaries.
[  7%] innodb.high_prio_trx_2                    [ skipped ]  Test needs debug binaries.
[  7%] innodb.high_prio_trx_3                    [ skipped ]  Test needs debug binaries.
[  7%] innodb.high_prio_trx_4                    [ skipped ]  Test needs debug binaries.
[  7%] innodb.high_prio_trx_5                    [ skipped ]  Test needs debug binaries.
[  7%] innodb.high_prio_trx_6                    [ skipped ]  Test needs debug binaries.
[  8%] innodb.high_prio_trx_7                    [ skipped ]  Test needs debug binaries.
[  8%] innodb.high_prio_trx_commit_crash         [ skipped ]  Test needs debug binaries.
[  8%] innodb.high_prio_trx_debug                [ skipped ]  Test needs debug binaries.
[  8%] innodb.high_prio_trx_fk                   [ skipped ]  Test needs debug binaries.
[  8%] innodb.high_prio_trx_predicate            [ skipped ]  Test needs debug binaries.
[  8%] innodb.high_prio_trx_rpl                  [ skipped ]  Test needs debug binaries.
[  9%] innodb.ibuf_not_empty                     [ skipped ]  Test needs debug binaries.
[  9%] innodb.index-lock-mode                    [ skipped ]  Test needs debug binaries.
[  9%] innodb.index_merge_threshold              [ skipped ]  Test needs debug binaries.
[  9%] innodb.innodb-2byte-collation             [ skipped ]  Test needs debug binaries.
[  9%] innodb.innodb-alter-debug-wl6554          [ skipped ]  Test needs debug binaries.
[  9%] innodb.innodb-alter-debug                 [ skipped ]  Test needs debug binaries.
[  9%] innodb.innodb-change-buffer-recovery      [ skipped ]  Test needs debug binaries.
[ 10%] innodb.innodb-copy-alter-debug            [ skipped ]  Test needs debug binaries.
[ 10%] innodb.innodb-index-debug                 [ skipped ]  Test needs debug binaries.
[ 10%] innodb.innodb-index-online-fk             [ skipped ]  Test needs debug binaries.
[ 10%] innodb.innodb-lock-inherit-read_commited  [ skipped ]  Test needs debug binaries.
[ 10%] innodb.innodb-new-fk                      [ skipped ]  Test needs debug binaries.
[ 10%] innodb.innodb-replace-debug               [ skipped ]  Test needs debug binaries.
[ 11%] innodb.innodb-status-output               [ skipped ]  Test needs 'big-test' or 'only-big-test' option.
[ 11%] innodb.innodb-wl5522-debug                [ skipped ]  Test needs 'big-test' or 'only-big-test' option.
[ 11%] innodb.innodb-wl5980-debug                [ skipped ]  Test needs debug binaries.
[ 11%] innodb.innodb-wl6445-1                    [ skipped ]  Test needs 'big-test' or 'only-big-test' option.
[ 11%] innodb.innodb_buffer_pool_resize          [ skipped ]  Test needs 'big-test' or 'only-big-test' option.
[ 11%] innodb.innodb_buffer_pool_resize_debug    [ skipped ]  Test needs debug binaries.
[ 11%] innodb.innodb_buffer_pool_resize_with_chunks  [ skipped ]  Test needs 'big-test' or 'only-big-test' option.
[ 12%] innodb.innodb_buffer_pool_resize_with_instances  [ skipped ]  Test needs debug binaries.
[ 12%] innodb.innodb_bug11754376                 [ skipped ]  Test needs debug binaries.
[ 12%] innodb.innodb_bug11766634                 [ skipped ]  Test needs 'big-test' or 'only-big-test' option.
[ 12%] innodb.innodb_bug12400341                 [ skipped ]  Test needs debug binaries.
[ 12%] innodb.innodb_bug14007109                 [ skipped ]  Test needs debug binaries.
[ 12%] innodb.innodb_bug14007649                 [ skipped ]  Test needs debug binaries.
[ 13%] innodb.innodb_bug14147491                 [ skipped ]  Test needs debug binaries.
[ 13%] innodb.innodb_bug14704286                 [ skipped ]  Test needs 'big-test' or 'only-big-test' option.
[ 13%] innodb.innodb_bug19164038                 [ skipped ]  Test needs debug binaries.
[ 13%] innodb.innodb_bug30423                    [ skipped ]  Test needs 'big-test' or 'only-big-test' option.
[ 13%] innodb.innodb_bug52663                    [ skipped ]  Test needs 'big-test' or 'only-big-test' option.
[ 13%] innodb.innodb_bug53290                    [ skipped ]  Test needs 'big-test' or 'only-big-test' option.
[ 13%] innodb.innodb_bug53756                    [ skipped ]  Test needs debug binaries.
[ 14%] innodb.innodb_bug56143                    [ skipped ]  Test needs 'big-test' or 'only-big-test' option.
[ 14%] innodb.innodb_bug56947                    [ skipped ]  Test needs debug binaries.
[ 14%] innodb.innodb_bulk_create_index           [ skipped ]  Test needs 'big-test' or 'only-big-test' option.
[ 14%] innodb.innodb_bulk_create_index_debug     [ skipped ]  Test needs 'big-test' or 'only-big-test' option.
[ 14%] innodb.innodb_bulk_create_index_flush     [ skipped ]  Test needs debug binaries.
[ 14%] innodb.innodb_bulk_inject_errors          [ skipped ]  Test needs debug binaries.
[ 15%] innodb.innodb_collation_test              [ skipped ]  Test needs debug binaries.
[ 15%] innodb.innodb_corrupt_bit                 [ skipped ]  Test needs debug binaries.
[ 15%] innodb.innodb_corrupt_readonly            [ skipped ]  Test needs debug binaries.
[ 15%] innodb.innodb_deadlock_with_autoinc       [ skipped ]  Test needs debug binaries.
[ 15%] innodb.innodb_file_limit_check            [ skipped ]  Test needs 'big-test' or 'only-big-test' option.
[ 15%] innodb.innodb_fts_limit_check             [ skipped ]  Test needs debug binaries.
[ 15%] innodb.innodb_mysql                       [ skipped ]  Test needs 'big-test' or 'only-big-test' option.
[ 16%] innodb.innodb_redo_debug_1                [ skipped ]  Test needs debug binaries.
[ 16%] innodb.innodb_redo_debug_2                [ skipped ]  Test needs debug binaries.
[ 16%] innodb.innodb_redo_debug_3                [ skipped ]  Test needs debug binaries.
[ 16%] innodb.innodb_redo_debug_4                [ skipped ]  Test needs debug binaries.
[ 16%] innodb.innodb_redo_debug_5                [ skipped ]  Test needs debug binaries.
[ 16%] innodb.innodb_redo_debug_6                [ skipped ]  Test needs debug binaries.
[ 16%] innodb.innodb_rename_index_err            [ skipped ]  Test needs debug binaries.
[ 17%] innodb.innodb_stats_del_mark              [ skipped ]  Test needs 'big-test' or 'only-big-test' option.
[ 17%] innodb.innodb_thread_concurrency_debug    [ skipped ]  Test needs debug binaries.
[ 17%] innodb.innodb_upd_stats_if_needed_not_inited  [ skipped ]  Test needs debug binaries.
[ 17%] innodb.innodb_ut_format_name              [ skipped ]  Test needs debug binaries.
[ 17%] innodb.innodb_wl6326                      [ skipped ]  Test needs debug binaries.
[ 17%] innodb.innodb_wl6326_big                  [ skipped ]  Test needs 'big-test' or 'only-big-test' option.
[ 18%] innodb.innodb_wl6469_debug                [ skipped ]  Test needs debug binaries.
[ 18%] innodb.innodb_wl6470_debug                [ skipped ]  Test needs debug binaries.
[ 18%] innodb.innodb_wl6560_debug                [ skipped ]  Test needs debug binaries.
[ 18%] innodb.innodb_wl6915_debug                [ skipped ]  Test needs debug binaries.
[ 18%] innodb.insert_debug                       [ skipped ]  Test needs debug binaries.
[ 18%] innodb.instant_add_column_debug           [ skipped ]  Test needs debug binaries.
[ 18%] innodb.instant_add_column_recovery        [ skipped ]  Test needs debug binaries.
[ 19%] innodb.iodku_debug                        [ skipped ]  Test needs debug binaries.
[ 19%] innodb.json-read-uncommitted              [ skipped ]  Test needs debug binaries.
[ 19%] innodb.json_small_partial_update_04       [ skipped ]  Test needs debug binaries.
[ 19%] innodb.json_small_partial_update_05       [ skipped ]  Test needs debug binaries.
[ 19%] innodb.json_small_partial_update_06       [ skipped ]  Test needs debug binaries.
[ 19%] innodb.lob-being-modified-bit             [ skipped ]  Test needs debug binaries.
[ 20%] innodb.lob-format                         [ skipped ]  Test needs debug binaries.
[ 20%] innodb.lob-read-uncommitted               [ skipped ]  Test needs debug binaries.
[ 20%] innodb.lob-single-zstream                 [ skipped ]  Test needs debug binaries.
[ 20%] innodb.lob_double_purge                   [ skipped ]  Test needs debug binaries.
[ 20%] innodb.lob_insert_noindex                 [ skipped ]  Test needs debug binaries.
[ 20%] innodb.lob_long_partial_update            [ skipped ]  Test needs debug binaries.
[ 20%] innodb.lob_no_space                       [ skipped ]  Test needs debug binaries.
[ 21%] innodb.lob_partial_update                 [ skipped ]  Test needs debug binaries.
[ 21%] innodb.lob_partial_update_concurrent      [ skipped ]  Test needs debug binaries.
[ 21%] innodb.lob_print                          [ skipped ]  Test needs debug binaries.
[ 21%] innodb.lob_purge                          [ skipped ]  Test needs debug binaries.
[ 21%] innodb.lob_rollback_crash                 [ skipped ]  Test needs debug binaries.
[ 21%] innodb.log_alter_table                    [ skipped ]  Test needs debug binaries.
[ 22%] innodb.log_ddl_must_flush                 [ skipped ]  Test needs debug binaries.
[ 22%] innodb.log_file_name_1                    [ skipped ]  Test needs debug binaries.
[ 22%] innodb.log_file_name_discover             [ skipped ]  Test needs debug binaries.
[ 22%] innodb.log_file_size                      [ skipped ]  Test needs debug binaries.
[ 22%] innodb.log_flush_order                    [ skipped ]  Test needs debug binaries.
[ 22%] innodb.monitor_restart                    [ skipped ]  Test needs debug binaries.
[ 22%] innodb.mvcc_cache                         [ skipped ]  Test needs debug binaries.
[ 23%] innodb.mysql_ts_alter_encrypt_1           [ skipped ]  Test needs 'big-test' or 'only-big-test' option.
[ 23%] innodb.mysql_ts_alter_encrypt_2           [ skipped ]  Test needs 'big-test' or 'only-big-test' option.
[ 23%] innodb.open_file_lru                      [ skipped ]  Test needs 'big-test' or 'only-big-test' option.
[ 23%] innodb.page_reorganize                    [ skipped ]  Test needs debug binaries.
[ 23%] innodb.partition_debug                    [ skipped ]  Test needs debug binaries.
[ 23%] innodb.records_in_range                   [ skipped ]  Test needs debug binaries.
[ 24%] innodb.row_format_redundant               [ skipped ]  Test needs debug binaries.
[ 24%] innodb.sdi_debug                          [ skipped ]  Test needs debug binaries.
[ 24%] innodb.sdi_delete_marked                  [ skipped ]  Test needs debug binaries.
[ 24%] innodb.sdi_fail                           [ skipped ]  Test needs debug binaries.
[ 24%] innodb.session_temp_tablespaces           [ skipped ]  Test needs debug binaries.
[ 24%] innodb.skip_locked_nowait                 [ skipped ]  Test needs debug binaries.
[ 24%] innodb.sp_temp_table                      [ skipped ]  Test needs 'big-test' or 'only-big-test' option.
[ 25%] innodb.strict_checksum                    [ skipped ]  Test needs debug binaries.
[ 25%] innodb.table_compress                     [ skipped ]  Test needs debug binaries.
[ 25%] innodb.table_encrypt_1                    [ skipped ]  Test needs debug binaries.
[ 25%] innodb.table_encrypt_4                    [ skipped ]  Test needs debug binaries.
[ 25%] innodb.table_encrypt_debug                [ skipped ]  Test needs debug binaries.
[ 25%] innodb.table_encrypt_kill                 [ skipped ]  Test needs 'big-test' or 'only-big-test' option.
[ 26%] innodb.table_encrypt_portable_32          [ skipped ]  Test needs debug binaries.
[ 26%] innodb.table_encrypt_portable_64          [ skipped ]  Test needs debug binaries.
[ 26%] innodb.tablespace_encrypt_2               [ skipped ]  Test needs 'big-test' or 'only-big-test' option.
[ 26%] innodb.tablespace_encrypt_3               [ skipped ]  Test needs debug binaries.
[ 26%] innodb.tablespace_encrypt_5               [ skipped ]  Test needs 'big-test' or 'only-big-test' option.
[ 26%] innodb.tablespace_encrypt_7               [ skipped ]  Test needs 'big-test' or 'only-big-test' option.
[ 26%] innodb.tablespace_encrypt_8               [ skipped ]  Test needs debug binaries.
[ 27%] innodb.tablespace_encrypt_9               [ skipped ]  Test needs 'big-test' or 'only-big-test' option.
[ 27%] innodb.tablespace_rename                  [ skipped ]  Test needs debug binaries.
[ 27%] innodb.temptable_write_row                [ skipped ]  Test needs debug binaries.
[ 27%] innodb.tinytext-groupby                   [ skipped ]  Test needs 'big-test' or 'only-big-test' option.
[ 27%] innodb.too_many_concurrent_trxs           [ skipped ]  Test needs debug binaries.
[ 27%] innodb.truncate_debug                     [ skipped ]  Test needs debug binaries.
[ 28%] innodb.undo_encrypt_bootstrap             [ skipped ]  Test needs 'big-test' or 'only-big-test' option.
[ 28%] innodb.upgrade_compressed_recv            [ skipped ]  Test needs debug binaries.
[ 28%] innodb.virtual_debug                      [ skipped ]  Test needs debug binaries.
[ 28%] innodb.virtual_debug_purge                [ skipped ]  Test needs debug binaries.
[ 28%] innodb.xa_prepare_lock_release            [ skipped ]  Test needs debug binaries.
[ 28%] innodb.xa_recovery_debug                  [ skipped ]  Test needs debug binaries.
[ 28%] innodb.xdes_fseg_frag                     [ skipped ]  Test needs debug binaries.
[ 29%] innodb.zlob_long_partial_update           [ skipped ]  Test needs debug binaries.
[ 29%] innodb.zlob_no_space                      [ skipped ]  Test needs debug binaries.
[ 29%] innodb.zlob_partial_update_concurrent     [ skipped ]  Test needs debug binaries.
[ 29%] innodb.zlob_print                         [ skipped ]  Test needs debug binaries.
[ 29%] innodb.zlob_purge                         [ skipped ]  Test needs debug binaries.
[ 29%] innodb.zlob_rollback_crash                [ skipped ]  Test needs debug binaries.
[ 30%] innodb.zlob_rollback_crash_2              [ skipped ]  Test needs debug binaries.
[ 30%] innodb_fts.fulltext_table_evict           [ skipped ]  Test needs debug binaries.
[ 30%] innodb_fts.index_table                    [ skipped ]  Test needs debug binaries.
[ 30%] innodb_fts.innobase_drop_fts_index_table  [ skipped ]  Test needs debug binaries.
[ 30%] innodb_fts.limit_union                    [ skipped ]  Test needs debug binaries.
[ 30%] innodb_fts.misc_debug                     [ skipped ]  Test needs debug binaries.
[ 30%] innodb_fts.ngram_debug                    [ skipped ]  Test needs debug binaries.
[ 31%] innodb_fts.plugin_debug                   [ skipped ]  Test needs debug binaries.
[ 31%] innodb_fts.result_cache_limit             [ skipped ]  Test needs debug binaries.
[ 31%] innodb_fts.sync_block                     [ skipped ]  Test needs debug binaries.
[ 31%] innodb_fts.tablespace_location_error      [ skipped ]  Test needs debug binaries.
[ 31%] innodb_gis.bug16266012                    [ skipped ]  Test needs debug binaries.
[ 31%] innodb_gis.check_rtree                    [ skipped ]  Test needs debug binaries.
[ 32%] innodb_gis.geometry                       [ skipped ]  Test needs debug binaries.
[ 32%] innodb_gis.gis_split_inf                  [ skipped ]  Test needs debug binaries.
[ 32%] innodb_gis.gis_split_nan                  [ skipped ]  Test needs debug binaries.
[ 32%] innodb_gis.kill_server                    [ skipped ]  Test needs 'big-test' or 'only-big-test' option.
[ 32%] innodb_gis.multi_pk                       [ skipped ]  Test needs 'big-test' or 'only-big-test' option.
[ 32%] innodb_gis.point_big                      [ skipped ]  Test needs 'big-test' or 'only-big-test' option.
[ 32%] innodb_gis.rollback                       [ skipped ]  Test needs debug binaries.
[ 33%] innodb_gis.rtree_compress                 [ skipped ]  Test needs 'big-test' or 'only-big-test' option.
[ 33%] innodb_gis.rtree_compress2                [ skipped ]  Test needs 'big-test' or 'only-big-test' option.
[ 33%] innodb_gis.rtree_concurrent_srch          [ skipped ]  Test needs 'big-test' or 'only-big-test' option.
[ 33%] innodb_gis.rtree_concurrent_srch_2        [ skipped ]  Test needs debug binaries.
[ 33%] innodb_gis.rtree_create_inplace           [ skipped ]  Test needs debug binaries.
[ 33%] innodb_gis.rtree_debug                    [ skipped ]  Test needs 'big-test' or 'only-big-test' option.
[ 33%] innodb_gis.rtree_drop_index               [ skipped ]  Test needs debug binaries.
[ 34%] innodb_gis.rtree_estimate                 [ skipped ]  Test needs debug binaries.
[ 34%] innodb_gis.rtree_purge                    [ skipped ]  Test needs 'big-test' or 'only-big-test' option.
[ 34%] innodb_gis.rtree_rollback1                [ skipped ]  Test needs 'big-test' or 'only-big-test' option.
[ 34%] innodb_gis.rtree_rollback2                [ skipped ]  Test needs 'big-test' or 'only-big-test' option.
[ 34%] innodb_gis.rtree_split                    [ skipped ]  Test needs 'big-test' or 'only-big-test' option.
[ 34%] innodb_gis.rtree_split_geographic         [ skipped ]  Test needs 'big-test' or 'only-big-test' option.
[ 35%] innodb_gis.types                          [ skipped ]  Test needs debug binaries.
[ 35%] innodb_gis.update_root                    [ skipped ]  Test needs 'big-test' or 'only-big-test' option.
[ 35%] innodb_undo.trunc_multi_client_01         [ skipped ]  Test needs 'big-test' or 'only-big-test' option.
[ 35%] innodb_undo.trunc_multi_client_02         [ skipped ]  Test needs 'big-test' or 'only-big-test' option.
[ 35%] innodb_undo.truncate                      [ skipped ]  Test needs 'big-test' or 'only-big-test' option.
[ 35%] innodb_undo.truncate_explicit             [ skipped ]  Test needs 'big-test' or 'only-big-test' option.
[ 35%] innodb_undo.truncate_recover_01           [ skipped ]  Test needs debug binaries.
[ 36%] innodb_undo.truncate_recover_02           [ skipped ]  Test needs debug binaries.
[ 36%] innodb_undo.truncate_recover_03           [ skipped ]  Test needs debug binaries.
[ 36%] innodb_undo.truncate_recover_04           [ skipped ]  Test needs debug binaries.
[ 36%] innodb_undo.truncate_recover_05           [ skipped ]  Test needs debug binaries.
[ 36%] innodb_undo.truncate_recover_06           [ skipped ]  Test needs debug binaries.
[ 36%] innodb_undo.truncate_recover_07           [ skipped ]  Test needs debug binaries.
[ 37%] innodb_undo.truncate_recover_08           [ skipped ]  Test needs debug binaries.
[ 37%] innodb_undo.truncate_recover_09           [ skipped ]  Test needs debug binaries.
[ 37%] innodb_undo.undo_ddl_recover              [ skipped ]  Test needs debug binaries.
[ 37%] innodb_undo.undo_tablespace_125           [ skipped ]  Test needs 'big-test' or 'only-big-test' option.
[ 37%] innodb_undo.undo_tablespace_debug         [ skipped ]  Test needs debug binaries.
[ 37%] innodb_zip.16k                            [ skipped ]  Test needs 'big-test' or 'only-big-test' option.
[ 37%] innodb_zip.innochecksum_2                 [ skipped ]  Test needs 'big-test' or 'only-big-test' option.
[ 38%] innodb_zip.innochecksum_3                 [ skipped ]  Test needs 'big-test' or 'only-big-test' option.
[ 38%] innodb_zip.large_blob                     [ skipped ]  Test needs 'big-test' or 'only-big-test' option.
[ 38%] innodb_zip.wl5522_debug_zip               [ skipped ]  Test needs debug binaries.
[ 38%] innodb_zip.wl6347_comp_indx_stat          [ skipped ]  Test needs 'big-test' or 'only-big-test' option.
[ 38%] innodb_zip.wl6501_scale_1                 [ skipped ]  Test needs 'big-test' or 'only-big-test' option.
[ 38%] innodb_zip.wl6915_1                       [ skipped ]  Test needs 'big-test' or 'only-big-test' option.
[ 39%] innodb.alter_tablespace_partition         [ disabled ]   WL#12034 Enable again once shared tablespaces are allowed in partitioned table.
[ 39%] innodb.create_tablespace_partition        [ disabled ]   WL#12034 Enable again once shared tablespaces are allowed in partitioned table.
[ 39%] innodb.ddl_crash_alter_table_partition_tablespace  [ disabled ]   WL#12034 Enable again once shared tablespaces are allowed in partitioned table.
[ 39%] innodb.innodb_bug14676111                 [ disabled ]   BUG#18200831 The test has never worked correctly
[ 39%] innodb.portability_tablespace_linux       [ disabled ]   BUG#28352630 The maintainability of the zip files required by this test is not acceptable.
[ 39%] innodb.portability_tablespace_windows     [ disabled ]   BUG#28352645 The maintainability of the zip files required by this test is not acceptable.
[ 39%] innodb.subpartition                       [ disabled ]   WL#12034 Enable again once shared tablespaces are allowed in partitioned table.
[ 40%] innodb.truncate                           [ disabled ]   WL#12034 Enable again once shared tablespaces are allowed in partitioned table.
[ 40%] innodb.check_sector_size                  [ pass ]   6740
[ 40%] innodb.table_encrypt_2                    [ pass ]  25150
[ 40%] innodb.log_encrypt_2                      [ pass ]  21323
[ 40%] innodb.table_encrypt_5                    [ pass ]  56848
[ 40%] innodb.tablespace_encrypt_6               [ pass ]  59246
[ 41%] innodb_fts.mecab_sjis                     [ skipped ]  mecab requires the environment variable $MECAB to be set (normally done by mtr)
[ 41%] innodb_fts.mecab_ujis                     [ skipped ]  mecab requires the environment variable $MECAB to be set (normally done by mtr)
[ 41%] innodb_fts.mecab_utf8                     [ skipped ]  mecab requires the environment variable $MECAB to be set (normally done by mtr)
[ 41%] innodb_fts.ngram                          [ pass ]  62384
[ 41%] innodb_fts.ngram_2                        [ pass ]  24229
[ 41%] innodb_fts.plugin                         [ pass ]  16963
[ 41%] innodb_fts.plugin_1                       [ pass ]  29814
[ 42%] innodb.optimizer_temporary_table          [ pass ]  21607
[ 42%] innodb.innodb_bug53674                    [ pass ]   3307
[ 42%] innodb.innodb                             [ pass ]  82182
[ 42%] innodb.innodb_misc1                       [ pass ]  46926
[ 42%] innodb.innodb_ctype_ldml                  [ pass ]   9941
[ 42%] innodb.mysqld_core_dump_without_buffer_pool_with_resizing  [ skipped ]  Core pattern is not 'core', uses pid is disabled or /proc/sys/kernel/core_{pattern,uses_pid} not readable
[ 43%] innodb.mysqld_core_dump_without_buffer_pool_dynamic  [ skipped ]  Core pattern is not 'core', uses pid is disabled or /proc/sys/kernel/core_{pattern,uses_pid} not readable
[ 43%] innodb.mysqld_core_dump_without_buffer_pool  [ skipped ]  Core pattern is not 'core', uses pid is disabled or /proc/sys/kernel/core_{pattern,uses_pid} not readable
[ 43%] innodb.innodb-autoinc-44030               [ pass ]   8559
[ 43%] innodb.innodb-autoinc                     [ pass ]  40601
[ 43%] innodb_zip.cmp_drop_table                 [ pass ]  28304
[ 43%] innodb.innodb_i_s_multi_file_tablespace   [ pass ]      6
[ 43%] innodb.innodb_64k                         [ pass ]  11671
[ 44%] innodb_undo.i_s_files_16k                 [ pass ]  177610
[ 44%] innodb.instant_add_column_long            [ pass ]   3153
[ 44%] innodb.autoinc_persist_deadlock           [ skipped ]  Test requires 'have_debug_sync'
[ 44%] innodb.check_ibd_filesize_16k             [ pass ]  11016
[ 44%] innodb.crc32_endianness                   [ pass ]   1424
[ 44%] innodb.create_tablespace_16k              [ pass ]  31935
[ 45%] innodb.default_row_format_16k             [ pass ]  32664
[ 45%] innodb.default_row_format_compatibility   [ pass ]   6103
[ 45%] innodb.file_format_upgrade_16k            [ pass ]  10196
[ 45%] innodb.ibd2sdi                            [ pass ]   4897
[ 45%] innodb.import_5_7                         [ pass ]   4877
[ 45%] innodb.index_tree_operation               [ pass ]    315
[ 45%] innodb.innodb-blob                        [ skipped ]  Test requires 'have_debug_sync'
[ 46%] innodb.innodb_buffer_pool_dump_pct        [ pass ]   2477
[ 46%] innodb.innodb_prefix_index_restart_server  [ pass ]  20486
[ 46%] innodb.innodb_stats_auto_recalc           [ pass ]  10638
[ 46%] innodb.innodb_stats_fetch                 [ pass ]    357
[ 46%] innodb.innodb_stats_sample_pages          [ pass ]   2210
[ 46%] innodb.log_corruption                     [ pass ]  61948
[ 47%] innodb.log_corruption_1                   [ pass ]   1330
[ 47%] innodb.partition-16k                      [ pass ]   8127
[ 47%] innodb.tablespace_encrypt_1               [ pass ]  52028
[ 47%] innodb.tablespace_portability             [ pass ]   7373
[ 47%] innodb.tablespace_portability_windows     [ skipped ]  Need windows
[ 47%] innodb_gis.create_spatial_index           [ pass ]   5362
[ 47%] innodb_zip.bug36172                       [ pass ]    777
[ 48%] innodb_zip.cmp_per_index                  [ pass ]   6205
[ 48%] innodb_zip.index_large_prefix             [ pass ]   6652
[ 48%] innodb_zip.prefix_index_liftedlimit       [ pass ]  37383
[ 48%] innodb_zip.wl5522_zip                     [ pass ]  22886
[ 48%] innodb_undo.i_s_files_32k                 [ pass ]  156176
[ 48%] innodb.create_tablespace_32k              [ pass ]  13202
[ 49%] innodb.innodb_32k                         [ pass ]   5840
[ 49%] innodb_undo.i_s_files_4k                  [ pass ]  120156
[ 49%] innodb.create_tablespace_4k               [ pass ]  18059
[ 49%] innodb.import_export_4k                   [ pass ]  11869
[ 49%] innodb_zip.4k                             [ pass ]  10168
[ 49%] innodb_zip.index_large_prefix_4k          [ pass ]   9026
[ 49%] innodb_undo.i_s_files_64k                 [ pass ]  134147
[ 50%] innodb.create_tablespace_64k              [ pass ]  11621
[ 50%] innodb_undo.i_s_files_8k                  [ pass ]  123969
[ 50%] innodb.create_tablespace_8k               [ pass ]  24314
[ 50%] innodb_zip.8k                             [ pass ]  15080
[ 50%] innodb_zip.index_large_prefix_8k          [ pass ]   8726
[ 50%] innodb_undo.undo_settings                 [ pass ]  56565
[ 50%] innodb.innodb_bug60196                    [ skipped ]  Test requires 'lower_case_table_names = 2'
[ 51%] innodb.cats-autoinc                       [ skipped ]  Test requires 'have_debug_sync'
[ 51%] innodb.innodb_autoinc_lock_mode_zero      [ pass ]    771
[ 51%] innodb.pct_cached_evict                   [ pass ]  13817
[ 51%] innodb.update_time                        [ pass ]  14671
[ 51%] innodb.innodb-index-online                [ skipped ]  Test requires 'have_debug_sync'
[ 51%] innodb.innodb_buffer_pool_load_now        [ pass ]  18554
[ 52%] innodb.innodb_buffer_pool_load            [ pass ]  65299
[ 52%] innodb.innodb-table-online                [ skipped ]  Test requires 'have_debug_sync'
[ 52%] innodb.events-merge-tmp-path              [ pass ]   6145
[ 52%] innodb.alter_kill                         [ pass ]  31041
[ 52%] innodb.innodb_bug39438                    [ pass ]   3282
[ 52%] innodb.blob_redo                          [ pass ]  11769
[ 52%] innodb.innodb-index                       [ pass ]  160312
[ 53%] innodb.innodb_stats_flag_global_off       [ pass ]  15821
[ 53%] innodb.innodb_stats_flag_global_on        [ pass ]  17590
[ 53%] innodb.innodb-autoinc-56228               [ pass ]   2811
[ 53%] innodb.innodb_bug30919                    [ pass ]  41585
[ 53%] innodb.innochecksum_1                     [ pass ]  32485
[ 53%] innodb.innodb_bug42101-nonzero            [ pass ]     12
[ 54%] innodb.innodb_mysql_rbk                   [ pass ]   7259
[ 54%] innodb.innodb_lock_wait_timeout_1         [ pass ]  22227
[ 54%] innodb.innodb_timeout_rollback            [ pass ]  12170
[ 54%] innodb.innodb-consistent                  [ pass ]    969
[ 54%] innodb.innodb-semi-consistent             [ pass ]  12739
[ 54%] innodb.log_encrypt_3                      [ pass ]  48654
[ 54%] innodb.log_file_size_1                    [ pass ]  36849
[ 55%] innodb.alter_table_stage_progress         [ pass ]   3797
[ 55%] innodb.innodb-read-view                   [ skipped ]  Test requires 'have_debug_sync'
[ 55%] innodb_fts.sync                           [ skipped ]  Test requires 'have_debug_sync'
[ 55%] innodb.innodb_replace                     [ skipped ]  Test requires 'have_debug_sync'
[ 55%] innodb.add_foreign_key                    [ pass ]   7852
[ 55%] innodb.alter_foreign_crash                [ skipped ]  Test requires 'have_debug_sync'
[ 56%] innodb.alter_missing_tablespace           [ pass ]  40421
[ 56%] innodb.alter_page_size                    [ pass ]    490
[ 56%] innodb.alter_rename_existing              [ pass ]   7947
[ 56%] innodb.alter_rename_existing_xtra         [ pass ]   3639
[ 56%] innodb.alter_table_redundant              [ pass ]   4692
[ 56%] innodb.autoinc_persist                    [ pass ]  71776
[ 56%] innodb.blob_update_rollback               [ pass ]    722
[ 57%] innodb.bootstrap                          [ pass ]  100055
[ 57%] innodb.buffer_pool_overflow_check         [ skipped ]  Need a 32 binary
[ 57%] innodb.bulk_create_index_online           [ skipped ]  Test requires 'have_debug_sync'
[ 57%] innodb.checksum                           [ pass ]   4496
[ 57%] innodb.create-index                       [ pass ]    503
[ 57%] innodb.create_tablespace                  [ pass ]  59869
[ 58%] innodb.deadlock_detect                    [ pass ]   4028
[ 58%] innodb.default_row_format                 [ pass ]   6646
[ 58%] innodb.default_row_format_tablespace      [ pass ]   7889
[ 58%] innodb.dropdb                             [ pass ]    565
[ 58%] innodb.foreign_key                        [ pass ]  20140
[ 58%] innodb.help_verbose                       [ pass ]  31342
[ 58%] innodb.i_s_files_debug                    [ skipped ]  Test requires 'have_debug_sync'
[ 59%] innodb.implicit_to_explicit_conversion    [ skipped ]  Test requires 'have_debug_sync'
[ 59%] innodb.import                             [ pass ]   3794
[ 59%] innodb.import_update_stats                [ pass ]   3191
[ 59%] innodb.index-online-norebuild             [ pass ]   1266
[ 59%] innodb.innochecksum_linux                 [ fail ]
        Test ended at 2019-07-05 21:55:28

CURRENT_TEST: innodb.innochecksum_linux
mysqltest: At line 391: Command "exec" succeeded, should have failed with error '1'.

The result from queries just before the failure was:
< snip >
page::#; log sequence number:first = #; second = #
page::#; old style: calculated = #; recorded checksum = #
page::#; new style: calculated = #; recorded checksum = #
page::#; log sequence number:first = #; second = #
page::#; old style: calculated = #; recorded checksum = #
page::#; new style: calculated = #; recorded checksum = #
page::#; log sequence number:first = #; second = #
Page::# is empty and uncorrupted
page::#; log sequence number:first = #; second = #
Page::# is empty and uncorrupted
# Replace the t.ibd with the newly created a.ibd having "innodb" checksum.
# Start the server to validate the t1.ibd having "innodb" checksum.
# restart
select * from t1;
c1	c2
1	Innochecksum InnoDB
2	Innochecksum CRC32
# Test[4] End
# Test[5] for lock.
# Test Scenario: As mysqld is running, & then start the innochecksum which must fail.
safe_process[5334]: Child process: 5335, exit: 1

 - the logfile can be found in '/home/romz/tmp/innodb/clang/mysql-test/var/log/innodb.innochecksum_linux/innochecksum_linux.log'

Retrying test innodb.innochecksum_linux, attempt(2/3).

[ 59%] innodb.innochecksum_linux                 [ retry-fail ]
        Test ended at 2019-07-05 21:55:49

CURRENT_TEST: innodb.innochecksum_linux
mysqltest: At line 391: Command "exec" succeeded, should have failed with error '1'.

The result from queries just before the failure was:
< snip >
page::#; log sequence number:first = #; second = #
page::#; old style: calculated = #; recorded checksum = #
page::#; new style: calculated = #; recorded checksum = #
page::#; log sequence number:first = #; second = #
page::#; old style: calculated = #; recorded checksum = #
page::#; new style: calculated = #; recorded checksum = #
page::#; log sequence number:first = #; second = #
Page::# is empty and uncorrupted
page::#; log sequence number:first = #; second = #
Page::# is empty and uncorrupted
# Replace the t.ibd with the newly created a.ibd having "innodb" checksum.
# Start the server to validate the t1.ibd having "innodb" checksum.
# restart
select * from t1;
c1	c2
1	Innochecksum InnoDB
2	Innochecksum CRC32
# Test[4] End
# Test[5] for lock.
# Test Scenario: As mysqld is running, & then start the innochecksum which must fail.
safe_process[5551]: Child process: 5552, exit: 1

 - the logfile can be found in '/home/romz/tmp/innodb/clang/mysql-test/var/log/innodb.innochecksum_linux/innochecksum_linux.log'

Test innodb.innochecksum_linux has failed 2 times, no more retries.

[ 59%] innodb.innodb-ac-non-locking-select       [ skipped ]  Test requires 'have_debug_sync'
[ 60%] innodb.innodb-alter-autoinc               [ pass ]   4160
[ 60%] innodb.innodb-alter-nullable              [ pass ]   1450
[ 60%] innodb.innodb-alter-wl6554                [ pass ]   3831
[ 60%] innodb.innodb-alter                       [ pass ]  31359
[ 60%] innodb.innodb-analyze                     [ pass ]    463
[ 60%] innodb.innodb-autoinc-18274               [ pass ]    352
[ 60%] innodb.innodb-autoinc-optimize            [ pass ]    424
[ 61%] innodb.innodb-bug-14068765                [ pass ]   2357
[ 61%] innodb.innodb-bug-14084530                [ pass ]   1853
[ 61%] innodb.innodb-bug12552164                 [ pass ]    612
[ 61%] innodb.innodb-bug14219515                 [ pass ]    627
[ 61%] innodb.innodb-import-partition            [ pass ]  75996
[ 61%] innodb.innodb-index-online-delete         [ skipped ]  Test requires 'have_debug_sync'
[ 62%] innodb.innodb-index-online-purge          [ skipped ]  Test requires 'have_debug_sync'
[ 62%] innodb.innodb-index_ucs2                  [ pass ]    496
[ 62%] innodb.innodb-large-prefix                [ pass ]    336
[ 62%] innodb.innodb-lock                        [ pass ]   3230
[ 62%] innodb.innodb-timeout                     [ pass ]   4929
[ 62%] innodb.innodb-truncate                    [ pass ]   5095
[ 62%] innodb.innodb-ucs2                        [ pass ]   8312
[ 63%] innodb.innodb-update-insert               [ pass ]    840
[ 63%] innodb.innodb-wl5522-1                    [ pass ]  30049
[ 63%] innodb.innodb-wl5522                      [ pass ]  34872
[ 63%] innodb.innodb-wl5980-alter                [ pass ]  12930
[ 63%] innodb.innodb-wl5980-discard              [ pass ]  34466
[ 63%] innodb.innodb-wl6445-2                    [ pass ]  20097
[ 64%] innodb.innodb-wl6445                      [ pass ]   9635
[ 64%] innodb.innodb-wl6742                      [ pass ]   9210
[ 64%] innodb.innodb_bug-13628249                [ pass ]  23142
[ 64%] innodb.innodb_bug11789106                 [ pass ]    482
[ 64%] innodb.innodb_bug11933790                 [ pass ]  51644
[ 64%] innodb.innodb_bug12429573                 [ pass ]   1217
[ 64%] innodb.innodb_bug12661768                 [ pass ]    329
[ 65%] innodb.innodb_bug14006907                 [ skipped ]  Test requires 'have_debug_sync'
[ 65%] innodb.innodb_bug14169459                 [ pass ]    220
[ 65%] innodb.innodb_bug21704                    [ pass ]    772
[ 65%] innodb.innodb_bug26818787                 [ skipped ]  Test requires 'have_debug_sync'
[ 65%] innodb.innodb_bug34053                    [ pass ]   1631
[ 65%] innodb.innodb_bug34300                    [ pass ]   4238
[ 66%] innodb.innodb_bug35220                    [ pass ]   1007
[ 66%] innodb.innodb_bug38231                    [ pass ]    275
[ 66%] innodb.innodb_bug40360                    [ pass ]    159
[ 66%] innodb.innodb_bug40565                    [ pass ]    160
[ 66%] innodb.innodb_bug41904                    [ pass ]    702
[ 66%] innodb.innodb_bug42101                    [ pass ]     21
[ 66%] innodb.innodb_bug42419                    [ pass ]    833
[ 67%] innodb.innodb_bug44032                    [ pass ]    882
[ 67%] innodb.innodb_bug44369                    [ pass ]     19
[ 67%] innodb.innodb_bug44571                    [ pass ]    937
[ 67%] innodb.innodb_bug45357                    [ pass ]    195
[ 67%] innodb.innodb_bug46000                    [ pass ]    270
[ 67%] innodb.innodb_bug46676                    [ pass ]    427
[ 67%] innodb.innodb_bug47621                    [ pass ]   2049
[ 68%] innodb.innodb_bug47622                    [ pass ]   1212
[ 68%] innodb.innodb_bug47777                    [ pass ]    265
[ 68%] innodb.innodb_bug48024                    [ pass ]   3318
[ 68%] innodb.innodb_bug49164                    [ pass ]    958
[ 68%] innodb.innodb_bug51378                    [ pass ]   3061
[ 68%] innodb.innodb_bug51920                    [ pass ]    167
[ 69%] innodb.innodb_bug52199                    [ pass ]    647
[ 69%] innodb.innodb_bug53046                    [ pass ]    848
[ 69%] innodb.innodb_bug53592                    [ pass ]   3934
[ 69%] innodb.innodb_bug54044                    [ pass ]    888
[ 69%] innodb.innodb_bug56716                    [ pass ]    534
[ 69%] innodb.innodb_bug57252                    [ pass ]    572
[ 69%] innodb.innodb_bug57255                    [ pass ]    673
[ 70%] innodb.innodb_bug57904                    [ pass ]    557
[ 70%] innodb.innodb_bug59307                    [ pass ]    967
[ 70%] innodb.innodb_bug59410                    [ pass ]   1038
[ 70%] innodb.innodb_bug59641                    [ pass ]   8546
[ 70%] innodb.innodb_bug59733                    [ pass ]    696
[ 70%] innodb.innodb_bug60229                    [ pass ]    484
[ 71%] innodb.innodb_bug70867                    [ pass ]   5219
[ 71%] innodb.innodb_bug84958                    [ pass ]   2069
[ 71%] innodb.innodb_bulk_create_index_small     [ pass ]   4799
[ 71%] innodb.innodb_cats                        [ skipped ]  Test requires 'have_debug_sync'
[ 71%] innodb.innodb_force_recovery              [ pass ]  22795
[ 71%] innodb.innodb_i_s_cached_indexes          [ pass ]    560
[ 71%] innodb.innodb_i_s_innodb_trx              [ pass ]    989
[ 72%] innodb.innodb_information_schema_buffer   [ pass ]    593
[ 72%] innodb.innodb_io_pf                       [ pass ]    621
[ 72%] innodb.innodb_multi_update                [ pass ]   1225
[ 72%] innodb.innodb_page_size_func              [ pass ]   8993
[ 72%] innodb.innodb_pagesize_max_recordsize     [ pass ]  107274
[ 72%] innodb.innodb_prefix_index_check          [ pass ]   2777
[ 73%] innodb.innodb_rename_index                [ pass ]  12674
[ 73%] innodb.innodb_stats                       [ pass ]   5682
[ 73%] innodb.innodb_stats_auto_recalc_ddl       [ pass ]   2139
[ 73%] innodb.innodb_stats_auto_recalc_lots      [ pass ]  89830
[ 73%] innodb.innodb_stats_auto_recalc_on_nonexistent  [ pass ]   1894
[ 73%] innodb.innodb_stats_create_table          [ pass ]   1766
[ 73%] innodb.innodb_stats_drop_locked           [ pass ]  102157
[ 74%] innodb.innodb_stats_external_pages        [ pass ]   5960
[ 74%] innodb.innodb_stats_fetch_nonexistent     [ pass ]    582
[ 74%] innodb.innodb_stats_long_names            [ pass ]    682
[ 74%] innodb.innodb_stats_rename_table          [ pass ]    248
[ 74%] innodb.innodb_stats_rename_table_if_exists  [ pass ]    685
[ 74%] innodb.innodb_stats_table_flag_auto_recalc  [ pass ]  24698
[ 75%] innodb.innodb_stats_table_flag_sample_pages  [ pass ]  20856
[ 75%] innodb.innodb_tablespace                  [ pass ]   4276
[ 75%] innodb.innodb_trx_owns_mutex              [ skipped ]  Test requires 'have_debug_sync'
[ 75%] innodb.innodb_trx_weight                  [ pass ]   1545
[ 75%] innodb.innodb_wl6469_1                    [ pass ]    141
[ 75%] innodb.innodb_wl6470                      [ pass ]     71
[ 75%] innodb.innodb_wl6560_1                    [ pass ]  12123
[ 76%] innodb.innodb_wl6915                      [ pass ]   3111
[ 76%] innodb.innodb_wl8114                      [ pass ]    562
[ 76%] innodb.instant_add_column_autoinc         [ pass ]  57599
[ 76%] innodb.instant_add_column_basic           [ pass ]  142436
[ 76%] innodb.instant_add_column_clear           [ pass ]  35057
[ 76%] innodb.instant_add_column_limitations     [ pass ]   2120
[ 77%] innodb.iodku                              [ pass ]   6910
[ 77%] innodb.json_small_partial_update_00       [ pass ]   8795
[ 77%] innodb.json_small_partial_update_01       [ pass ]   5674
[ 77%] innodb.json_small_partial_update_02       [ pass ]   7373
[ 77%] innodb.json_small_partial_update_03       [ pass ]    854
[ 77%] innodb.lob_compact                        [ pass ]   3582
[ 77%] innodb.lob_import_export                  [ pass ]   3060
[ 78%] innodb.lob_insert                         [ pass ]   1290
[ 78%] innodb.lob_mvcc                           [ pass ]   1001
[ 78%] innodb.lob_vjhi                           [ pass ]    756
[ 78%] innodb.lock_impl_to_expl                  [ skipped ]  Test requires 'have_debug_sync'
[ 78%] innodb.lock_impl_to_expl_case_sensitivity  [ skipped ]  Test requires 'have_debug_sync'
[ 78%] innodb.lock_rec_unlock                    [ skipped ]  Test requires 'have_debug_sync'
[ 79%] innodb.log_buffer_size                    [ pass ]   9267
[ 79%] innodb.log_encrypt_1                      [ pass ]  19914
[ 79%] innodb.log_encrypt_4                      [ pass ]  113872
[ 79%] innodb.log_encrypt_5                      [ pass ]  50737
[ 79%] innodb.log_encrypt_6                      [ pass ]  59964
[ 79%] innodb.log_encrypt_kill                   [ pass ]  80610
[ 79%] innodb.log_file_size_checkpoint           [ pass ]  83039
[ 80%] innodb.log_file_system                    [ pass ]  26320
[ 80%] innodb.log_spin_vars                      [ pass ]  11753
[ 80%] innodb.missing_tablespaces                [ pass ]   9278
[ 80%] innodb.mixed_case_0                       [ pass ]   4638
[ 80%] innodb.mixed_case_1                       [ skipped ]  Test requires 'lower_case_table_names = 1'
[ 80%] innodb.mixed_case_2                       [ skipped ]  Test requires 'lower_case_table_names = 2'
[ 81%] innodb.monitor                            [ pass ]   3405
[ 81%] innodb.mysql_tables_deadlocks             [ skipped ]  Test requires 'have_debug_sync'
[ 81%] innodb.mysqldump_max_recordsize           [ pass ]  141176
[ 81%] innodb.partition-blob                     [ pass ]   5705
[ 81%] innodb.partition                          [ pass ]  35961
[ 81%] innodb.partition_autoinc                  [ pass ]  39306
[ 81%] innodb.portability_basic                  [ pass ]  27536
[ 82%] innodb.portability_tablespace             [ pass ]  54326
[ 82%] innodb.readahead                          [ pass ]   8276
[ 82%] innodb.readonly                           [ pass ]  20149
[ 82%] innodb.rename_fk_1                        [ pass ]   3450
[ 82%] innodb.rename_fk_2                        [ pass ]   2491
[ 82%] innodb.rename_table                       [ pass ]   9052
[ 83%] innodb.sdi                                [ pass ]  52734
[ 83%] innodb.sdi_compressed                     [ pass ]   1547
[ 83%] innodb.show_engine_status                 [ pass ]    498
[ 83%] innodb.skip_locked_nowait_isolation       [ pass ]   4789
[ 83%] innodb.stored_fk                          [ pass ]   3082
[ 83%] innodb.strict_mode                        [ pass ]    821
[ 83%] innodb.table_encrypt_3                    [ pass ]  163597
[ 84%] innodb.tablespace_encrypt_4               [ pass ]  27492
[ 84%] innodb.tablespace_per_table               [ pass ]   6115
[ 84%] innodb.tablespace_per_table_not_windows   [ pass ]   2401
[ 84%] innodb.tablespace_per_table_windows       [ skipped ]  Need windows
[ 84%] innodb.temp_table                         [ pass ]   2308
[ 84%] innodb.temp_table_savepoint               [ pass ]    911
[ 84%] innodb.temporary_table                    [ pass ]  42044
[ 85%] innodb.temporary_table_optimization       [ pass ]    594
[ 85%] innodb.timestamp                          [ pass ]    873
[ 85%] innodb.tmpdir                             [ pass ]   7185
[ 85%] innodb.trx_id_future                      [ pass ]   6117
[ 85%] innodb.undo                               [ pass ]    368
[ 85%] innodb.undo_encrypt_basic                 [ pass ]  61860
[ 86%] innodb.update-cascade                     [ skipped ]  Test requires 'have_debug_sync'
[ 86%] innodb.update-ext                         [ pass ]    324
[ 86%] innodb.update_time_wl6658                 [ pass ]  34917
[ 86%] innodb.upgrade_orphan                     [ pass ]  136397
[ 86%] innodb.virtual_basic                      [ pass ]  263251
[ 86%] innodb.virtual_blob                       [ pass ]   1702
[ 86%] innodb.virtual_fk                         [ pass ]  33053
[ 87%] innodb.virtual_fk_restart                 [ pass ]  10953
[ 87%] innodb.virtual_index                      [ pass ]   8806
[ 87%] innodb.virtual_purge                      [ pass ]   3021
[ 87%] innodb.virtual_stats                      [ pass ]   1500
[ 87%] innodb.virtual_uncommitted                [ skipped ]  Test requires 'have_debug_sync'
[ 87%] innodb.xa_recovery                        [ pass ]  11042
[ 88%] innodb.zlob                               [ pass ]   2047
[ 88%] innodb.zlob_geom                          [ pass ]   1439
[ 88%] innodb.zlob_import_export                 [ pass ]   1529
[ 88%] innodb.zlob_purge_undo_no                 [ pass ]    361
[ 88%] innodb.zlob_redundant_partial_update      [ pass ]   3269
[ 88%] innodb.zlob_rollback                      [ pass ]    775
[ 88%] innodb_fts.alter                          [ pass ]  41263
[ 89%] innodb_fts.basic                          [ pass ]   7542
[ 89%] innodb_fts.ddl                            [ pass ]  21824
[ 89%] innodb_fts.fic                            [ pass ]  12977
[ 89%] innodb_fts.foreign_key_check              [ pass ]   3214
[ 89%] innodb_fts.foreign_key_update             [ pass ]   2883
[ 89%] innodb_fts.fulltext                       [ pass ]  48618
[ 90%] innodb_fts.fulltext2                      [ pass ]  38306
[ 90%] innodb_fts.fulltext3                      [ pass ]  13105
[ 90%] innodb_fts.fulltext_cache                 [ pass ]   2074
[ 90%] innodb_fts.fulltext_distinct              [ pass ]   1799
[ 90%] innodb_fts.fulltext_left_join             [ pass ]  11239
[ 90%] innodb_fts.fulltext_misc                  [ pass ]  13406
[ 90%] innodb_fts.fulltext_multi                 [ pass ]   4018
[ 91%] innodb_fts.fulltext_order_by              [ pass ]  15088
[ 91%] innodb_fts.fulltext_update                [ pass ]   1716
[ 91%] innodb_fts.fulltext_var                   [ pass ]   2115
[ 91%] innodb_fts.large_records                  [ pass ]  15700
[ 91%] innodb_fts.misc                           [ pass ]  97699
[ 91%] innodb_fts.misc_1                         [ pass ]  43592
[ 92%] innodb_fts.multiple_index                 [ pass ]   4417
[ 92%] innodb_fts.ngram_1                        [ pass ]  220958
[ 92%] innodb_fts.opt                            [ pass ]  24853
[ 92%] innodb_fts.phrase                         [ pass ]   1034
[ 92%] innodb_fts.proximity                      [ pass ]  11777
[ 92%] innodb_fts.savepoint                      [ pass ]  26888
[ 92%] innodb_fts.stopword                       [ pass ]  30724
[ 93%] innodb_fts.subexpr                        [ pass ]   2052
[ 93%] innodb_fts.tablespace                     [ pass ]  20119
[ 93%] innodb_fts.tablespace_location            [ pass ]  31701
[ 93%] innodb_fts.transaction                    [ pass ]  17957
[ 93%] innodb_fts.truncate                       [ pass ]  27376
[ 93%] innodb_fts.zip                            [ pass ]   6768
[ 94%] innodb_gis.0                              [ pass ]   5853
[ 94%] innodb_gis.1                              [ pass ]  23330
[ 94%] innodb_gis.alter_spatial_index            [ pass ]  16280
[ 94%] innodb_gis.bug16236208                    [ pass ]    846
[ 94%] innodb_gis.gis                            [ pass ]  19733
[ 94%] innodb_gis.point_basic                    [ pass ]  14680
[ 94%] innodb_gis.precise                        [ pass ]   1193
[ 95%] innodb_gis.repeatable_spatial             [ pass ]   2364
[ 95%] innodb_gis.row_format                     [ pass ]   3476
[ 95%] innodb_gis.rt_precise                     [ pass ]   5064
[ 95%] innodb_gis.rtree                          [ pass ]   7027
[ 95%] innodb_gis.rtree_multi_pk                 [ pass ]   3096
[ 95%] innodb_gis.rtree_old                      [ pass ]  16592
[ 96%] innodb_gis.rtree_recovery                 [ pass ]  34076
[ 96%] innodb_gis.rtree_search                   [ pass ]  237376
[ 96%] innodb_gis.rtree_undo                     [ pass ]  11561
[ 96%] innodb_undo.encrypt_explicit              [ pass ]  61041
[ 96%] innodb_undo.undo_ddl_vs_dml               [ pass ]  48637
[ 96%] innodb_undo.undo_tablespace               [ pass ]  52427
[ 96%] innodb_undo.undo_tablespace_win           [ skipped ]  Need windows
[ 97%] innodb_zip.bug36169                       [ pass ]   1867
[ 97%] innodb_zip.bug52745                       [ pass ]    770
[ 97%] innodb_zip.bug53591                       [ pass ]    184
[ 97%] innodb_zip.bug56680                       [ pass ]   5027
[ 97%] innodb_zip.create_options                 [ pass ]  32319
[ 97%] innodb_zip.innochecksum                   [ pass ]  25216
[ 98%] innodb_zip.restart                        [ pass ]  41106
[ 98%] innodb_zip.wl6344_compress_level          [ pass ]   2483
[ 98%] innodb_zip.zip                            [ pass ]  14901
[ 98%] innodb_stress.innodb_stress               [ fail ]
        Test ended at 2019-07-05 23:13:11

CURRENT_TEST: innodb_stress.innodb_stress
Traceback (most recent call last):
  File "/home/romz/romz-projects/github/github-innodb-modularization/innodb-modularization/mysql-test/suite/innodb_stress/t/load_generator.py", line 3, in <module>
    import MySQLdb
ImportError: No module named MySQLdb
mysqltest: At line 83: Command "$exec" failed.

Output from before failure:
exec of 'python /home/romz/romz-projects/github/github-innodb-modularization/innodb-modularization/mysql-test/suite/innodb_stress/t/load_generator.py /home/romz/tmp/innodb/clang/mysql-test/var/run/mysqld.1.pid 0 1000  2 10 root 127.0.0.1 13000 test 0 4096 /home/romz/tmp/innodb/clang/mysql-test/var/tmp/load_generator 0 0 0' failed, error: 256, status: 1, errno: 2.

In included file ./suite/innodb_stress/include/innodb_stress.inc: 83
included from /home/romz/romz-projects/github/github-innodb-modularization/innodb-modularization/mysql-test/suite/innodb_stress/t/innodb_stress.test: 36

The result from queries just before the failure was:
include/master-slave.inc
Warnings:
Note	####	Sending passwords in plain text without SSL/TLS is extremely insecure.
Note	####	Storing MySQL user name or password information in the master info repository is not secure and is therefore not recommended. Please consider using the USER and PASSWORD connection options for START SLAVE; see the 'START SLAVE Syntax' in the MySQL Manual for more information.
[connection master]
DROP TABLE IF EXISTS t1;
CREATE TABLE t1(id INT AUTO_INCREMENT PRIMARY KEY,
msg_prefix VARCHAR(255),
msg VARCHAR(255),
msg_length int,
msg_checksum varchar(128),
KEY msg_i(msg_prefix))
ENGINE=INNODB
ROW_FORMAT=COMPRESSED
KEY_BLOCK_SIZE=16;
call mtr.add_suppression(".*");
safe_process[21925]: Child process: 21926, exit: 1

 - the logfile can be found in '/home/romz/tmp/innodb/clang/mysql-test/var/log/innodb_stress.innodb_stress/innodb_stress.log'

Retrying test innodb_stress.innodb_stress, attempt(2/3).

[ 98%] innodb_stress.innodb_stress               [ retry-fail ]
        Test ended at 2019-07-05 23:14:13

CURRENT_TEST: innodb_stress.innodb_stress
Traceback (most recent call last):
  File "/home/romz/romz-projects/github/github-innodb-modularization/innodb-modularization/mysql-test/suite/innodb_stress/t/load_generator.py", line 3, in <module>
    import MySQLdb
ImportError: No module named MySQLdb
mysqltest: At line 83: Command "$exec" failed.

Output from before failure:
exec of 'python /home/romz/romz-projects/github/github-innodb-modularization/innodb-modularization/mysql-test/suite/innodb_stress/t/load_generator.py /home/romz/tmp/innodb/clang/mysql-test/var/run/mysqld.1.pid 0 1000  2 10 root 127.0.0.1 13000 test 0 4096 /home/romz/tmp/innodb/clang/mysql-test/var/tmp/load_generator 0 0 0' failed, error: 256, status: 1, errno: 2.

In included file ./suite/innodb_stress/include/innodb_stress.inc: 83
included from /home/romz/romz-projects/github/github-innodb-modularization/innodb-modularization/mysql-test/suite/innodb_stress/t/innodb_stress.test: 36

The result from queries just before the failure was:
include/master-slave.inc
Warnings:
Note	####	Sending passwords in plain text without SSL/TLS is extremely insecure.
Note	####	Storing MySQL user name or password information in the master info repository is not secure and is therefore not recommended. Please consider using the USER and PASSWORD connection options for START SLAVE; see the 'START SLAVE Syntax' in the MySQL Manual for more information.
[connection master]
DROP TABLE IF EXISTS t1;
CREATE TABLE t1(id INT AUTO_INCREMENT PRIMARY KEY,
msg_prefix VARCHAR(255),
msg VARCHAR(255),
msg_length int,
msg_checksum varchar(128),
KEY msg_i(msg_prefix))
ENGINE=INNODB
ROW_FORMAT=COMPRESSED
KEY_BLOCK_SIZE=16;
call mtr.add_suppression(".*");
safe_process[22142]: Child process: 22143, exit: 1

 - the logfile can be found in '/home/romz/tmp/innodb/clang/mysql-test/var/log/innodb_stress.innodb_stress/innodb_stress.log'

Test innodb_stress.innodb_stress has failed 2 times, no more retries.

[ 98%] innodb_stress.innodb_stress_blob          [ fail ]
        Test ended at 2019-07-05 23:15:15

CURRENT_TEST: innodb_stress.innodb_stress_blob
Traceback (most recent call last):
  File "/home/romz/romz-projects/github/github-innodb-modularization/innodb-modularization/mysql-test/suite/innodb_stress/t/load_generator.py", line 3, in <module>
    import MySQLdb
ImportError: No module named MySQLdb
mysqltest: At line 83: Command "$exec" failed.

Output from before failure:
exec of 'python /home/romz/romz-projects/github/github-innodb-modularization/innodb-modularization/mysql-test/suite/innodb_stress/t/load_generator.py /home/romz/tmp/innodb/clang/mysql-test/var/run/mysqld.1.pid 0 1000  2 10 root 127.0.0.1 13000 test 1 4096 /home/romz/tmp/innodb/clang/mysql-test/var/tmp/load_generator 0 0 0' failed, error: 256, status: 1, errno: 2.

In included file ./suite/innodb_stress/include/innodb_stress.inc: 83
included from /home/romz/romz-projects/github/github-innodb-modularization/innodb-modularization/mysql-test/suite/innodb_stress/t/innodb_stress_blob.test: 36

The result from queries just before the failure was:
include/master-slave.inc
Warnings:
Note	####	Sending passwords in plain text without SSL/TLS is extremely insecure.
Note	####	Storing MySQL user name or password information in the master info repository is not secure and is therefore not recommended. Please consider using the USER and PASSWORD connection options for START SLAVE; see the 'START SLAVE Syntax' in the MySQL Manual for more information.
[connection master]
DROP TABLE IF EXISTS t1;
CREATE TABLE t1(id INT AUTO_INCREMENT PRIMARY KEY,
msg_prefix VARCHAR(255),
msg longtext,
msg_length int,
msg_checksum varchar(128),
KEY msg_i(msg_prefix))
ENGINE=INNODB
ROW_FORMAT=COMPRESSED
KEY_BLOCK_SIZE=16;
call mtr.add_suppression(".*");
safe_process[22334]: Child process: 22335, exit: 1

 - the logfile can be found in '/home/romz/tmp/innodb/clang/mysql-test/var/log/innodb_stress.innodb_stress_blob/innodb_stress_blob.log'

Retrying test innodb_stress.innodb_stress_blob, attempt(2/3).

[ 98%] innodb_stress.innodb_stress_blob          [ retry-fail ]
        Test ended at 2019-07-05 23:16:21

CURRENT_TEST: innodb_stress.innodb_stress_blob
Traceback (most recent call last):
  File "/home/romz/romz-projects/github/github-innodb-modularization/innodb-modularization/mysql-test/suite/innodb_stress/t/load_generator.py", line 3, in <module>
    import MySQLdb
ImportError: No module named MySQLdb
mysqltest: At line 83: Command "$exec" failed.

Output from before failure:
exec of 'python /home/romz/romz-projects/github/github-innodb-modularization/innodb-modularization/mysql-test/suite/innodb_stress/t/load_generator.py /home/romz/tmp/innodb/clang/mysql-test/var/run/mysqld.1.pid 0 1000  2 10 root 127.0.0.1 13000 test 1 4096 /home/romz/tmp/innodb/clang/mysql-test/var/tmp/load_generator 0 0 0' failed, error: 256, status: 1, errno: 2.

In included file ./suite/innodb_stress/include/innodb_stress.inc: 83
included from /home/romz/romz-projects/github/github-innodb-modularization/innodb-modularization/mysql-test/suite/innodb_stress/t/innodb_stress_blob.test: 36

The result from queries just before the failure was:
include/master-slave.inc
Warnings:
Note	####	Sending passwords in plain text without SSL/TLS is extremely insecure.
Note	####	Storing MySQL user name or password information in the master info repository is not secure and is therefore not recommended. Please consider using the USER and PASSWORD connection options for START SLAVE; see the 'START SLAVE Syntax' in the MySQL Manual for more information.
[connection master]
DROP TABLE IF EXISTS t1;
CREATE TABLE t1(id INT AUTO_INCREMENT PRIMARY KEY,
msg_prefix VARCHAR(255),
msg longtext,
msg_length int,
msg_checksum varchar(128),
KEY msg_i(msg_prefix))
ENGINE=INNODB
ROW_FORMAT=COMPRESSED
KEY_BLOCK_SIZE=16;
call mtr.add_suppression(".*");
safe_process[22533]: Child process: 22534, exit: 1

 - the logfile can be found in '/home/romz/tmp/innodb/clang/mysql-test/var/log/innodb_stress.innodb_stress_blob/innodb_stress_blob.log'

Test innodb_stress.innodb_stress_blob has failed 2 times, no more retries.

[ 98%] innodb_stress.innodb_stress_blob_nocompress  [ fail ]
        Test ended at 2019-07-05 23:17:25

CURRENT_TEST: innodb_stress.innodb_stress_blob_nocompress
Traceback (most recent call last):
  File "/home/romz/romz-projects/github/github-innodb-modularization/innodb-modularization/mysql-test/suite/innodb_stress/t/load_generator.py", line 3, in <module>
    import MySQLdb
ImportError: No module named MySQLdb
mysqltest: At line 83: Command "$exec" failed.

Output from before failure:
exec of 'python /home/romz/romz-projects/github/github-innodb-modularization/innodb-modularization/mysql-test/suite/innodb_stress/t/load_generator.py /home/romz/tmp/innodb/clang/mysql-test/var/run/mysqld.1.pid 0 1000  2 10 root 127.0.0.1 13000 test 1 4096 /home/romz/tmp/innodb/clang/mysql-test/var/tmp/load_generator 0 0 0' failed, error: 256, status: 1, errno: 2.

In included file ./suite/innodb_stress/include/innodb_stress.inc: 83
included from /home/romz/romz-projects/github/github-innodb-modularization/innodb-modularization/mysql-test/suite/innodb_stress/t/innodb_stress_blob_nocompress.test: 34

The result from queries just before the failure was:
include/master-slave.inc
Warnings:
Note	####	Sending passwords in plain text without SSL/TLS is extremely insecure.
Note	####	Storing MySQL user name or password information in the master info repository is not secure and is therefore not recommended. Please consider using the USER and PASSWORD connection options for START SLAVE; see the 'START SLAVE Syntax' in the MySQL Manual for more information.
[connection master]
DROP TABLE IF EXISTS t1;
CREATE TABLE t1(id INT AUTO_INCREMENT PRIMARY KEY,
msg_prefix VARCHAR(255),
msg longtext,
msg_length int,
msg_checksum varchar(128),
KEY msg_i(msg_prefix))
ENGINE=INNODB;
call mtr.add_suppression(".*");
safe_process[22729]: Child process: 22730, exit: 1

 - the logfile can be found in '/home/romz/tmp/innodb/clang/mysql-test/var/log/innodb_stress.innodb_stress_blob_nocompress/innodb_stress_blob_nocompress.log'

Retrying test innodb_stress.innodb_stress_blob_nocompress, attempt(2/3).

[ 98%] innodb_stress.innodb_stress_blob_nocompress  [ retry-fail ]
        Test ended at 2019-07-05 23:18:26

CURRENT_TEST: innodb_stress.innodb_stress_blob_nocompress
Traceback (most recent call last):
  File "/home/romz/romz-projects/github/github-innodb-modularization/innodb-modularization/mysql-test/suite/innodb_stress/t/load_generator.py", line 3, in <module>
    import MySQLdb
ImportError: No module named MySQLdb
mysqltest: At line 83: Command "$exec" failed.

Output from before failure:
exec of 'python /home/romz/romz-projects/github/github-innodb-modularization/innodb-modularization/mysql-test/suite/innodb_stress/t/load_generator.py /home/romz/tmp/innodb/clang/mysql-test/var/run/mysqld.1.pid 0 1000  2 10 root 127.0.0.1 13000 test 1 4096 /home/romz/tmp/innodb/clang/mysql-test/var/tmp/load_generator 0 0 0' failed, error: 256, status: 1, errno: 2.

In included file ./suite/innodb_stress/include/innodb_stress.inc: 83
included from /home/romz/romz-projects/github/github-innodb-modularization/innodb-modularization/mysql-test/suite/innodb_stress/t/innodb_stress_blob_nocompress.test: 34

The result from queries just before the failure was:
include/master-slave.inc
Warnings:
Note	####	Sending passwords in plain text without SSL/TLS is extremely insecure.
Note	####	Storing MySQL user name or password information in the master info repository is not secure and is therefore not recommended. Please consider using the USER and PASSWORD connection options for START SLAVE; see the 'START SLAVE Syntax' in the MySQL Manual for more information.
[connection master]
DROP TABLE IF EXISTS t1;
CREATE TABLE t1(id INT AUTO_INCREMENT PRIMARY KEY,
msg_prefix VARCHAR(255),
msg longtext,
msg_length int,
msg_checksum varchar(128),
KEY msg_i(msg_prefix))
ENGINE=INNODB;
call mtr.add_suppression(".*");
safe_process[22928]: Child process: 22929, exit: 1

 - the logfile can be found in '/home/romz/tmp/innodb/clang/mysql-test/var/log/innodb_stress.innodb_stress_blob_nocompress/innodb_stress_blob_nocompress.log'

Test innodb_stress.innodb_stress_blob_nocompress has failed 2 times, no more retries.

[ 98%] innodb_stress.innodb_stress_crash         [ fail ]
        Test ended at 2019-07-05 23:19:27

CURRENT_TEST: innodb_stress.innodb_stress_crash
Traceback (most recent call last):
  File "/home/romz/romz-projects/github/github-innodb-modularization/innodb-modularization/mysql-test/suite/innodb_stress/t/load_generator.py", line 3, in <module>
    import MySQLdb
ImportError: No module named MySQLdb
mysqltest: At line 83: Command "$exec" failed.

Output from before failure:
exec of 'python /home/romz/romz-projects/github/github-innodb-modularization/innodb-modularization/mysql-test/suite/innodb_stress/t/load_generator.py /home/romz/tmp/innodb/clang/mysql-test/var/run/mysqld.1.pid 10 1000  2 0 root 127.0.0.1 13000 test 0 4096 /home/romz/tmp/innodb/clang/mysql-test/var/tmp/load_generator 0 0 0' failed, error: 256, status: 1, errno: 2.

In included file ./suite/innodb_stress/include/innodb_stress.inc: 83
included from /home/romz/romz-projects/github/github-innodb-modularization/innodb-modularization/mysql-test/suite/innodb_stress/t/innodb_stress_crash.test: 39

The result from queries just before the failure was:
include/master-slave.inc
Warnings:
Note	####	Sending passwords in plain text without SSL/TLS is extremely insecure.
Note	####	Storing MySQL user name or password information in the master info repository is not secure and is therefore not recommended. Please consider using the USER and PASSWORD connection options for START SLAVE; see the 'START SLAVE Syntax' in the MySQL Manual for more information.
[connection master]
DROP TABLE IF EXISTS t1;
CREATE TABLE t1(id INT AUTO_INCREMENT PRIMARY KEY,
msg_prefix VARCHAR(255),
msg VARCHAR(255),
msg_length int,
msg_checksum varchar(128),
KEY msg_i(msg_prefix))
ENGINE=INNODB
ROW_FORMAT=COMPRESSED
KEY_BLOCK_SIZE=16;
call mtr.add_suppression(".*");
safe_process[23121]: Child process: 23122, exit: 1

 - the logfile can be found in '/home/romz/tmp/innodb/clang/mysql-test/var/log/innodb_stress.innodb_stress_crash/innodb_stress_crash.log'

Retrying test innodb_stress.innodb_stress_crash, attempt(2/3).

[ 98%] innodb_stress.innodb_stress_crash         [ retry-fail ]
        Test ended at 2019-07-05 23:20:28

CURRENT_TEST: innodb_stress.innodb_stress_crash
Traceback (most recent call last):
  File "/home/romz/romz-projects/github/github-innodb-modularization/innodb-modularization/mysql-test/suite/innodb_stress/t/load_generator.py", line 3, in <module>
    import MySQLdb
ImportError: No module named MySQLdb
mysqltest: At line 83: Command "$exec" failed.

Output from before failure:
exec of 'python /home/romz/romz-projects/github/github-innodb-modularization/innodb-modularization/mysql-test/suite/innodb_stress/t/load_generator.py /home/romz/tmp/innodb/clang/mysql-test/var/run/mysqld.1.pid 10 1000  2 0 root 127.0.0.1 13000 test 0 4096 /home/romz/tmp/innodb/clang/mysql-test/var/tmp/load_generator 0 0 0' failed, error: 256, status: 1, errno: 2.

In included file ./suite/innodb_stress/include/innodb_stress.inc: 83
included from /home/romz/romz-projects/github/github-innodb-modularization/innodb-modularization/mysql-test/suite/innodb_stress/t/innodb_stress_crash.test: 39

The result from queries just before the failure was:
include/master-slave.inc
Warnings:
Note	####	Sending passwords in plain text without SSL/TLS is extremely insecure.
Note	####	Storing MySQL user name or password information in the master info repository is not secure and is therefore not recommended. Please consider using the USER and PASSWORD connection options for START SLAVE; see the 'START SLAVE Syntax' in the MySQL Manual for more information.
[connection master]
DROP TABLE IF EXISTS t1;
CREATE TABLE t1(id INT AUTO_INCREMENT PRIMARY KEY,
msg_prefix VARCHAR(255),
msg VARCHAR(255),
msg_length int,
msg_checksum varchar(128),
KEY msg_i(msg_prefix))
ENGINE=INNODB
ROW_FORMAT=COMPRESSED
KEY_BLOCK_SIZE=16;
call mtr.add_suppression(".*");
safe_process[23315]: Child process: 23316, exit: 1

 - the logfile can be found in '/home/romz/tmp/innodb/clang/mysql-test/var/log/innodb_stress.innodb_stress_crash/innodb_stress_crash.log'

Test innodb_stress.innodb_stress_crash has failed 2 times, no more retries.

[ 99%] innodb_stress.innodb_stress_crash_blob    [ fail ]
        Test ended at 2019-07-05 23:21:29

CURRENT_TEST: innodb_stress.innodb_stress_crash_blob
Traceback (most recent call last):
  File "/home/romz/romz-projects/github/github-innodb-modularization/innodb-modularization/mysql-test/suite/innodb_stress/t/load_generator.py", line 3, in <module>
    import MySQLdb
ImportError: No module named MySQLdb
mysqltest: At line 83: Command "$exec" failed.

Output from before failure:
exec of 'python /home/romz/romz-projects/github/github-innodb-modularization/innodb-modularization/mysql-test/suite/innodb_stress/t/load_generator.py /home/romz/tmp/innodb/clang/mysql-test/var/run/mysqld.1.pid 10 1000  2 0 root 127.0.0.1 13000 test 1 4096 /home/romz/tmp/innodb/clang/mysql-test/var/tmp/load_generator 0 0 0' failed, error: 256, status: 1, errno: 2.

In included file ./suite/innodb_stress/include/innodb_stress.inc: 83
included from /home/romz/romz-projects/github/github-innodb-modularization/innodb-modularization/mysql-test/suite/innodb_stress/t/innodb_stress_crash_blob.test: 39

The result from queries just before the failure was:
include/master-slave.inc
Warnings:
Note	####	Sending passwords in plain text without SSL/TLS is extremely insecure.
Note	####	Storing MySQL user name or password information in the master info repository is not secure and is therefore not recommended. Please consider using the USER and PASSWORD connection options for START SLAVE; see the 'START SLAVE Syntax' in the MySQL Manual for more information.
[connection master]
DROP TABLE IF EXISTS t1;
CREATE TABLE t1(id INT AUTO_INCREMENT PRIMARY KEY,
msg_prefix VARCHAR(255),
msg longtext,
msg_length int,
msg_checksum varchar(128),
KEY msg_i(msg_prefix))
ENGINE=INNODB
ROW_FORMAT=COMPRESSED
KEY_BLOCK_SIZE=16;
call mtr.add_suppression(".*");
safe_process[23513]: Child process: 23514, exit: 1

 - the logfile can be found in '/home/romz/tmp/innodb/clang/mysql-test/var/log/innodb_stress.innodb_stress_crash_blob/innodb_stress_crash_blob.log'

Retrying test innodb_stress.innodb_stress_crash_blob, attempt(2/3).

[ 99%] innodb_stress.innodb_stress_crash_blob    [ retry-fail ]
        Test ended at 2019-07-05 23:22:29

CURRENT_TEST: innodb_stress.innodb_stress_crash_blob
Traceback (most recent call last):
  File "/home/romz/romz-projects/github/github-innodb-modularization/innodb-modularization/mysql-test/suite/innodb_stress/t/load_generator.py", line 3, in <module>
    import MySQLdb
ImportError: No module named MySQLdb
mysqltest: At line 83: Command "$exec" failed.

Output from before failure:
exec of 'python /home/romz/romz-projects/github/github-innodb-modularization/innodb-modularization/mysql-test/suite/innodb_stress/t/load_generator.py /home/romz/tmp/innodb/clang/mysql-test/var/run/mysqld.1.pid 10 1000  2 0 root 127.0.0.1 13000 test 1 4096 /home/romz/tmp/innodb/clang/mysql-test/var/tmp/load_generator 0 0 0' failed, error: 256, status: 1, errno: 2.

In included file ./suite/innodb_stress/include/innodb_stress.inc: 83
included from /home/romz/romz-projects/github/github-innodb-modularization/innodb-modularization/mysql-test/suite/innodb_stress/t/innodb_stress_crash_blob.test: 39

The result from queries just before the failure was:
include/master-slave.inc
Warnings:
Note	####	Sending passwords in plain text without SSL/TLS is extremely insecure.
Note	####	Storing MySQL user name or password information in the master info repository is not secure and is therefore not recommended. Please consider using the USER and PASSWORD connection options for START SLAVE; see the 'START SLAVE Syntax' in the MySQL Manual for more information.
[connection master]
DROP TABLE IF EXISTS t1;
CREATE TABLE t1(id INT AUTO_INCREMENT PRIMARY KEY,
msg_prefix VARCHAR(255),
msg longtext,
msg_length int,
msg_checksum varchar(128),
KEY msg_i(msg_prefix))
ENGINE=INNODB
ROW_FORMAT=COMPRESSED
KEY_BLOCK_SIZE=16;
call mtr.add_suppression(".*");
safe_process[23708]: Child process: 23709, exit: 1

 - the logfile can be found in '/home/romz/tmp/innodb/clang/mysql-test/var/log/innodb_stress.innodb_stress_crash_blob/innodb_stress_crash_blob.log'

Test innodb_stress.innodb_stress_crash_blob has failed 2 times, no more retries.

[ 99%] innodb_stress.innodb_stress_crash_blob_nocompress  [ fail ]
        Test ended at 2019-07-05 23:23:32

CURRENT_TEST: innodb_stress.innodb_stress_crash_blob_nocompress
Traceback (most recent call last):
  File "/home/romz/romz-projects/github/github-innodb-modularization/innodb-modularization/mysql-test/suite/innodb_stress/t/load_generator.py", line 3, in <module>
    import MySQLdb
ImportError: No module named MySQLdb
mysqltest: At line 83: Command "$exec" failed.

Output from before failure:
exec of 'python /home/romz/romz-projects/github/github-innodb-modularization/innodb-modularization/mysql-test/suite/innodb_stress/t/load_generator.py /home/romz/tmp/innodb/clang/mysql-test/var/run/mysqld.1.pid 10 1000  2 0 root 127.0.0.1 13000 test 1 4096 /home/romz/tmp/innodb/clang/mysql-test/var/tmp/load_generator 0 0 0' failed, error: 256, status: 1, errno: 2.

In included file ./suite/innodb_stress/include/innodb_stress.inc: 83
included from /home/romz/romz-projects/github/github-innodb-modularization/innodb-modularization/mysql-test/suite/innodb_stress/t/innodb_stress_crash_blob_nocompress.test: 37

The result from queries just before the failure was:
include/master-slave.inc
Warnings:
Note	####	Sending passwords in plain text without SSL/TLS is extremely insecure.
Note	####	Storing MySQL user name or password information in the master info repository is not secure and is therefore not recommended. Please consider using the USER and PASSWORD connection options for START SLAVE; see the 'START SLAVE Syntax' in the MySQL Manual for more information.
[connection master]
DROP TABLE IF EXISTS t1;
CREATE TABLE t1(id INT AUTO_INCREMENT PRIMARY KEY,
msg_prefix VARCHAR(255),
msg longtext,
msg_length int,
msg_checksum varchar(128),
KEY msg_i(msg_prefix))
ENGINE=INNODB;
call mtr.add_suppression(".*");
safe_process[23907]: Child process: 23908, exit: 1

 - the logfile can be found in '/home/romz/tmp/innodb/clang/mysql-test/var/log/innodb_stress.innodb_stress_crash_blob_nocompress/innodb_stress_crash_blob_nocompress.log'

Retrying test innodb_stress.innodb_stress_crash_blob_nocompress, attempt(2/3).

[ 99%] innodb_stress.innodb_stress_crash_blob_nocompress  [ retry-fail ]
        Test ended at 2019-07-05 23:24:38

CURRENT_TEST: innodb_stress.innodb_stress_crash_blob_nocompress
Traceback (most recent call last):
  File "/home/romz/romz-projects/github/github-innodb-modularization/innodb-modularization/mysql-test/suite/innodb_stress/t/load_generator.py", line 3, in <module>
    import MySQLdb
ImportError: No module named MySQLdb
mysqltest: At line 83: Command "$exec" failed.

Output from before failure:
exec of 'python /home/romz/romz-projects/github/github-innodb-modularization/innodb-modularization/mysql-test/suite/innodb_stress/t/load_generator.py /home/romz/tmp/innodb/clang/mysql-test/var/run/mysqld.1.pid 10 1000  2 0 root 127.0.0.1 13000 test 1 4096 /home/romz/tmp/innodb/clang/mysql-test/var/tmp/load_generator 0 0 0' failed, error: 256, status: 1, errno: 2.

In included file ./suite/innodb_stress/include/innodb_stress.inc: 83
included from /home/romz/romz-projects/github/github-innodb-modularization/innodb-modularization/mysql-test/suite/innodb_stress/t/innodb_stress_crash_blob_nocompress.test: 37

The result from queries just before the failure was:
include/master-slave.inc
Warnings:
Note	####	Sending passwords in plain text without SSL/TLS is extremely insecure.
Note	####	Storing MySQL user name or password information in the master info repository is not secure and is therefore not recommended. Please consider using the USER and PASSWORD connection options for START SLAVE; see the 'START SLAVE Syntax' in the MySQL Manual for more information.
[connection master]
DROP TABLE IF EXISTS t1;
CREATE TABLE t1(id INT AUTO_INCREMENT PRIMARY KEY,
msg_prefix VARCHAR(255),
msg longtext,
msg_length int,
msg_checksum varchar(128),
KEY msg_i(msg_prefix))
ENGINE=INNODB;
call mtr.add_suppression(".*");
safe_process[24100]: Child process: 24101, exit: 1

 - the logfile can be found in '/home/romz/tmp/innodb/clang/mysql-test/var/log/innodb_stress.innodb_stress_crash_blob_nocompress/innodb_stress_crash_blob_nocompress.log'

Test innodb_stress.innodb_stress_crash_blob_nocompress has failed 2 times, no more retries.

[ 99%] innodb_stress.innodb_stress_crash_nocompress  [ fail ]
        Test ended at 2019-07-05 23:25:42

CURRENT_TEST: innodb_stress.innodb_stress_crash_nocompress
Traceback (most recent call last):
  File "/home/romz/romz-projects/github/github-innodb-modularization/innodb-modularization/mysql-test/suite/innodb_stress/t/load_generator.py", line 3, in <module>
    import MySQLdb
ImportError: No module named MySQLdb
mysqltest: At line 83: Command "$exec" failed.

Output from before failure:
exec of 'python /home/romz/romz-projects/github/github-innodb-modularization/innodb-modularization/mysql-test/suite/innodb_stress/t/load_generator.py /home/romz/tmp/innodb/clang/mysql-test/var/run/mysqld.1.pid 10 1000  2 0 root 127.0.0.1 13000 test 0 4096 /home/romz/tmp/innodb/clang/mysql-test/var/tmp/load_generator 0 0 0' failed, error: 256, status: 1, errno: 2.

In included file ./suite/innodb_stress/include/innodb_stress.inc: 83
included from /home/romz/romz-projects/github/github-innodb-modularization/innodb-modularization/mysql-test/suite/innodb_stress/t/innodb_stress_crash_nocompress.test: 37

The result from queries just before the failure was:
include/master-slave.inc
Warnings:
Note	####	Sending passwords in plain text without SSL/TLS is extremely insecure.
Note	####	Storing MySQL user name or password information in the master info repository is not secure and is therefore not recommended. Please consider using the USER and PASSWORD connection options for START SLAVE; see the 'START SLAVE Syntax' in the MySQL Manual for more information.
[connection master]
DROP TABLE IF EXISTS t1;
CREATE TABLE t1(id INT AUTO_INCREMENT PRIMARY KEY,
msg_prefix VARCHAR(255),
msg VARCHAR(255),
msg_length int,
msg_checksum varchar(128),
KEY msg_i(msg_prefix))
ENGINE=INNODB;
call mtr.add_suppression(".*");
safe_process[24294]: Child process: 24295, exit: 1

 - the logfile can be found in '/home/romz/tmp/innodb/clang/mysql-test/var/log/innodb_stress.innodb_stress_crash_nocompress/innodb_stress_crash_nocompress.log'

Retrying test innodb_stress.innodb_stress_crash_nocompress, attempt(2/3).

[ 99%] innodb_stress.innodb_stress_crash_nocompress  [ retry-fail ]
        Test ended at 2019-07-05 23:26:43

CURRENT_TEST: innodb_stress.innodb_stress_crash_nocompress
Traceback (most recent call last):
  File "/home/romz/romz-projects/github/github-innodb-modularization/innodb-modularization/mysql-test/suite/innodb_stress/t/load_generator.py", line 3, in <module>
    import MySQLdb
ImportError: No module named MySQLdb
mysqltest: At line 83: Command "$exec" failed.

Output from before failure:
exec of 'python /home/romz/romz-projects/github/github-innodb-modularization/innodb-modularization/mysql-test/suite/innodb_stress/t/load_generator.py /home/romz/tmp/innodb/clang/mysql-test/var/run/mysqld.1.pid 10 1000  2 0 root 127.0.0.1 13000 test 0 4096 /home/romz/tmp/innodb/clang/mysql-test/var/tmp/load_generator 0 0 0' failed, error: 256, status: 1, errno: 2.

In included file ./suite/innodb_stress/include/innodb_stress.inc: 83
included from /home/romz/romz-projects/github/github-innodb-modularization/innodb-modularization/mysql-test/suite/innodb_stress/t/innodb_stress_crash_nocompress.test: 37

The result from queries just before the failure was:
include/master-slave.inc
Warnings:
Note	####	Sending passwords in plain text without SSL/TLS is extremely insecure.
Note	####	Storing MySQL user name or password information in the master info repository is not secure and is therefore not recommended. Please consider using the USER and PASSWORD connection options for START SLAVE; see the 'START SLAVE Syntax' in the MySQL Manual for more information.
[connection master]
DROP TABLE IF EXISTS t1;
CREATE TABLE t1(id INT AUTO_INCREMENT PRIMARY KEY,
msg_prefix VARCHAR(255),
msg VARCHAR(255),
msg_length int,
msg_checksum varchar(128),
KEY msg_i(msg_prefix))
ENGINE=INNODB;
call mtr.add_suppression(".*");
safe_process[24494]: Child process: 24495, exit: 1

 - the logfile can be found in '/home/romz/tmp/innodb/clang/mysql-test/var/log/innodb_stress.innodb_stress_crash_nocompress/innodb_stress_crash_nocompress.log'

Test innodb_stress.innodb_stress_crash_nocompress has failed 2 times, no more retries.

[ 99%] innodb_stress.innodb_stress_nocompress    [ fail ]
        Test ended at 2019-07-05 23:27:41

CURRENT_TEST: innodb_stress.innodb_stress_nocompress
Traceback (most recent call last):
  File "/home/romz/romz-projects/github/github-innodb-modularization/innodb-modularization/mysql-test/suite/innodb_stress/t/load_generator.py", line 3, in <module>
    import MySQLdb
ImportError: No module named MySQLdb
mysqltest: At line 83: Command "$exec" failed.

Output from before failure:
exec of 'python /home/romz/romz-projects/github/github-innodb-modularization/innodb-modularization/mysql-test/suite/innodb_stress/t/load_generator.py /home/romz/tmp/innodb/clang/mysql-test/var/run/mysqld.1.pid 0 1000  2 10 root 127.0.0.1 13000 test 0 4096 /home/romz/tmp/innodb/clang/mysql-test/var/tmp/load_generator 0 0 0' failed, error: 256, status: 1, errno: 2.

In included file ./suite/innodb_stress/include/innodb_stress.inc: 83
included from /home/romz/romz-projects/github/github-innodb-modularization/innodb-modularization/mysql-test/suite/innodb_stress/t/innodb_stress_nocompress.test: 34

The result from queries just before the failure was:
include/master-slave.inc
Warnings:
Note	####	Sending passwords in plain text without SSL/TLS is extremely insecure.
Note	####	Storing MySQL user name or password information in the master info repository is not secure and is therefore not recommended. Please consider using the USER and PASSWORD connection options for START SLAVE; see the 'START SLAVE Syntax' in the MySQL Manual for more information.
[connection master]
DROP TABLE IF EXISTS t1;
CREATE TABLE t1(id INT AUTO_INCREMENT PRIMARY KEY,
msg_prefix VARCHAR(255),
msg VARCHAR(255),
msg_length int,
msg_checksum varchar(128),
KEY msg_i(msg_prefix))
ENGINE=INNODB;
call mtr.add_suppression(".*");
safe_process[24693]: Child process: 24694, exit: 1

 - the logfile can be found in '/home/romz/tmp/innodb/clang/mysql-test/var/log/innodb_stress.innodb_stress_nocompress/innodb_stress_nocompress.log'

Retrying test innodb_stress.innodb_stress_nocompress, attempt(2/3).

[ 99%] innodb_stress.innodb_stress_nocompress    [ retry-fail ]
        Test ended at 2019-07-05 23:28:41

CURRENT_TEST: innodb_stress.innodb_stress_nocompress
Traceback (most recent call last):
  File "/home/romz/romz-projects/github/github-innodb-modularization/innodb-modularization/mysql-test/suite/innodb_stress/t/load_generator.py", line 3, in <module>
    import MySQLdb
ImportError: No module named MySQLdb
mysqltest: At line 83: Command "$exec" failed.

Output from before failure:
exec of 'python /home/romz/romz-projects/github/github-innodb-modularization/innodb-modularization/mysql-test/suite/innodb_stress/t/load_generator.py /home/romz/tmp/innodb/clang/mysql-test/var/run/mysqld.1.pid 0 1000  2 10 root 127.0.0.1 13000 test 0 4096 /home/romz/tmp/innodb/clang/mysql-test/var/tmp/load_generator 0 0 0' failed, error: 256, status: 1, errno: 2.

In included file ./suite/innodb_stress/include/innodb_stress.inc: 83
included from /home/romz/romz-projects/github/github-innodb-modularization/innodb-modularization/mysql-test/suite/innodb_stress/t/innodb_stress_nocompress.test: 34

The result from queries just before the failure was:
include/master-slave.inc
Warnings:
Note	####	Sending passwords in plain text without SSL/TLS is extremely insecure.
Note	####	Storing MySQL user name or password information in the master info repository is not secure and is therefore not recommended. Please consider using the USER and PASSWORD connection options for START SLAVE; see the 'START SLAVE Syntax' in the MySQL Manual for more information.
[connection master]
DROP TABLE IF EXISTS t1;
CREATE TABLE t1(id INT AUTO_INCREMENT PRIMARY KEY,
msg_prefix VARCHAR(255),
msg VARCHAR(255),
msg_length int,
msg_checksum varchar(128),
KEY msg_i(msg_prefix))
ENGINE=INNODB;
call mtr.add_suppression(".*");
safe_process[24893]: Child process: 24894, exit: 1

 - the logfile can be found in '/home/romz/tmp/innodb/clang/mysql-test/var/log/innodb_stress.innodb_stress_nocompress/innodb_stress_nocompress.log'

Test innodb_stress.innodb_stress_nocompress has failed 2 times, no more retries.

[ 99%] innodb.create_tablespace_replication      [ pass ]   3496
[ 99%] innodb.innodb-import-partition-rpl        [ pass ]  11548
[100%] innodb.innodb_bulk_create_index_replication  [ pass ]   7578
Running ctest parallel=1
[100%] unit_tests                                [ pass ]       
------------------------------------------------------------------------------

Unit tests: 100% tests passed, 0 tests failed out of 51
Report from unit tests in /home/romz/tmp/innodb/clang/mysql-test/var/ctest.log
------------------------------------------------------------------------------
The servers were restarted 79 times
The servers were reinitialized 19 times
Spent 7168.056 of 9192 seconds executing testcases

Completed: Failed 9/354 tests, 97.46% were successful.

Failing test(s): innodb.innochecksum_linux innodb_stress.innodb_stress_nocompress innodb_stress.innodb_stress_crash_blob innodb_stress.innodb_stress innodb_stress.innodb_stress_blob innodb_stress.innodb_stress_blob_nocompress innodb_stress.innodb_stress_crash_blob_nocompress innodb_stress.innodb_stress_crash innodb_stress.innodb_stress_crash_nocompress

The log files in var/log may give you some hint of what went wrong.

If you want to report this error, please read first the documentation
at http://dev.mysql.com/doc/mysql/en/mysql-test-suite.html

292 tests were skipped, 38 by the test itself.

mysql-test-run: *** ERROR: there were failing test cases

